<?xml version="1.0" encoding="UTF-8"?>
<Site BuildName="(empty)"
	BuildStamp="20250909-1504-Experimental"
	Name="amrl-linux24-04-ThinkPad-E16-Gen-2"
	Generator="ctest-3.28.3"
	CompilerName="/usr/bin/c++"
	CompilerVersion="13.3.0"
	OSName="Linux"
	Hostname="amrl-linux24-04-ThinkPad-E16-Gen-2"
	OSRelease="6.14.0-28-generic"
	OSVersion="#28~24.04.1-Ubuntu SMP PREEMPT_DYNAMIC Fri Jul 25 10:47:01 UTC 2"
	OSPlatform="x86_64"
	Is64Bits="1"
	VendorString="GenuineIntel"
	VendorID="Intel Corporation"
	FamilyID="6"
	ModelID="170"
	ProcessorCacheSize="24576"
	NumberOfLogicalCPU="22"
	NumberOfPhysicalCPU="16"
	TotalVirtualMemory="8191"
	TotalPhysicalMemory="31561"
	LogicalProcessorsPerPhysical="1"
	ProcessorClockFrequency="1982.79"
	>
	<Testing>
		<StartDateTime>Sep 09 17:04 CEST</StartDateTime>
		<StartTestTime>1757430294</StartTestTime>
		<TestList>
			<Test>./lint_cmake</Test>
			<Test>./xmllint</Test>
		</TestList>
		<Test Status="passed">
			<Name>lint_cmake</Name>
			<Path>.</Path>
			<FullName>./lint_cmake</FullName>
			<FullCommandLine>/usr/bin/python3 "-u" "/opt/ros/jazzy/share/ament_cmake_test/cmake/run_test.py" "/home/amrl-linux24-04/ros2_ben/build/igus_rebel_description/test_results/igus_rebel_description/lint_cmake.xunit.xml" "--package-name" "igus_rebel_description" "--output-file" "/home/amrl-linux24-04/ros2_ben/build/igus_rebel_description/ament_lint_cmake/lint_cmake.txt" "--command" "/opt/ros/jazzy/bin/ament_lint_cmake" "--xunit-file" "/home/amrl-linux24-04/ros2_ben/build/igus_rebel_description/test_results/igus_rebel_description/lint_cmake.xunit.xml"</FullCommandLine>
			<Results>
				<NamedMeasurement type="numeric/double" name="Execution Time">
					<Value>0.100201</Value>
				</NamedMeasurement>
				<NamedMeasurement type="numeric/double" name="Processors">
					<Value>1</Value>
				</NamedMeasurement>
				<NamedMeasurement type="text/string" name="Completion Status">
					<Value>Completed</Value>
				</NamedMeasurement>
				<NamedMeasurement type="text/string" name="Command Line">
					<Value>/usr/bin/python3 "-u" "/opt/ros/jazzy/share/ament_cmake_test/cmake/run_test.py" "/home/amrl-linux24-04/ros2_ben/build/igus_rebel_description/test_results/igus_rebel_description/lint_cmake.xunit.xml" "--package-name" "igus_rebel_description" "--output-file" "/home/amrl-linux24-04/ros2_ben/build/igus_rebel_description/ament_lint_cmake/lint_cmake.txt" "--command" "/opt/ros/jazzy/bin/ament_lint_cmake" "--xunit-file" "/home/amrl-linux24-04/ros2_ben/build/igus_rebel_description/test_results/igus_rebel_description/lint_cmake.xunit.xml"</Value>
				</NamedMeasurement>
				<NamedMeasurement type="text/string" name="Environment">
					<Value>#CTEST_RESOURCE_GROUP_COUNT=</Value>
				</NamedMeasurement>
				<Measurement>
					<Value>-- run_test.py: invoking following command in '/home/amrl-linux24-04/ros2_ben/src/igus_rebel_ros2/igus_rebel_description':
 - /opt/ros/jazzy/bin/ament_lint_cmake --xunit-file /home/amrl-linux24-04/ros2_ben/build/igus_rebel_description/test_results/igus_rebel_description/lint_cmake.xunit.xml

No problems found
-- run_test.py: return code 0
-- run_test.py: verify result file '/home/amrl-linux24-04/ros2_ben/build/igus_rebel_description/test_results/igus_rebel_description/lint_cmake.xunit.xml'
</Value>
				</Measurement>
			</Results>
			<Labels>
				<Label>lint_cmake</Label>
				<Label>linter</Label>
			</Labels>
		</Test>
		<Test Status="passed">
			<Name>xmllint</Name>
			<Path>.</Path>
			<FullName>./xmllint</FullName>
			<FullCommandLine>/usr/bin/python3 "-u" "/opt/ros/jazzy/share/ament_cmake_test/cmake/run_test.py" "/home/amrl-linux24-04/ros2_ben/build/igus_rebel_description/test_results/igus_rebel_description/xmllint.xunit.xml" "--package-name" "igus_rebel_description" "--output-file" "/home/amrl-linux24-04/ros2_ben/build/igus_rebel_description/ament_xmllint/xmllint.txt" "--command" "/opt/ros/jazzy/bin/ament_xmllint" "--xunit-file" "/home/amrl-linux24-04/ros2_ben/build/igus_rebel_description/test_results/igus_rebel_description/xmllint.xunit.xml"</FullCommandLine>
			<Results>
				<NamedMeasurement type="numeric/double" name="Execution Time">
					<Value>0.779253</Value>
				</NamedMeasurement>
				<NamedMeasurement type="numeric/double" name="Processors">
					<Value>1</Value>
				</NamedMeasurement>
				<NamedMeasurement type="text/string" name="Completion Status">
					<Value>Completed</Value>
				</NamedMeasurement>
				<NamedMeasurement type="text/string" name="Command Line">
					<Value>/usr/bin/python3 "-u" "/opt/ros/jazzy/share/ament_cmake_test/cmake/run_test.py" "/home/amrl-linux24-04/ros2_ben/build/igus_rebel_description/test_results/igus_rebel_description/xmllint.xunit.xml" "--package-name" "igus_rebel_description" "--output-file" "/home/amrl-linux24-04/ros2_ben/build/igus_rebel_description/ament_xmllint/xmllint.txt" "--command" "/opt/ros/jazzy/bin/ament_xmllint" "--xunit-file" "/home/amrl-linux24-04/ros2_ben/build/igus_rebel_description/test_results/igus_rebel_description/xmllint.xunit.xml"</Value>
				</NamedMeasurement>
				<NamedMeasurement type="text/string" name="Environment">
					<Value>#CTEST_RESOURCE_GROUP_COUNT=</Value>
				</NamedMeasurement>
				<Measurement>
					<Value>-- run_test.py: invoking following command in '/home/amrl-linux24-04/ros2_ben/src/igus_rebel_ros2/igus_rebel_description':
 - /opt/ros/jazzy/bin/ament_xmllint --xunit-file /home/amrl-linux24-04/ros2_ben/build/igus_rebel_description/test_results/igus_rebel_description/xmllint.xunit.xml
File 'package.xml' is valid

No problems found
-- run_test.py: return code 0
-- run_test.py: verify result file '/home/amrl-linux24-04/ros2_ben/build/igus_rebel_description/test_results/igus_rebel_description/xmllint.xunit.xml'
</Value>
				</Measurement>
			</Results>
			<Labels>
				<Label>linter</Label>
				<Label>xmllint</Label>
			</Labels>
		</Test>
		<EndDateTime>Sep 09 17:04 CEST</EndDateTime>
		<EndTestTime>1757430295</EndTestTime>
		<ElapsedMinutes>0</ElapsedMinutes>
	</Testing>
</Site>
