Start testing: Sep 09 17:10 CEST
----------------------------------------------------------
1/2 Testing: lint_cmake
1/2 Test: lint_cmake
Command: "/usr/bin/python3" "-u" "/opt/ros/jazzy/share/ament_cmake_test/cmake/run_test.py" "/home/amrl-linux24-04/ros2_ben/build/igus_rebel_description/test_results/igus_rebel_description/lint_cmake.xunit.xml" "--package-name" "igus_rebel_description" "--output-file" "/home/amrl-linux24-04/ros2_ben/build/igus_rebel_description/ament_lint_cmake/lint_cmake.txt" "--command" "/opt/ros/jazzy/bin/ament_lint_cmake" "--xunit-file" "/home/amrl-linux24-04/ros2_ben/build/igus_rebel_description/test_results/igus_rebel_description/lint_cmake.xunit.xml"
Directory: /home/amrl-linux24-04/ros2_ben/src/igus_rebel_ros2/igus_rebel_description
"lint_cmake" start time: Sep 09 17:10 CEST
Output:
----------------------------------------------------------
-- run_test.py: invoking following command in '/home/amrl-linux24-04/ros2_ben/src/igus_rebel_ros2/igus_rebel_description':
 - /opt/ros/jazzy/bin/ament_lint_cmake --xunit-file /home/amrl-linux24-04/ros2_ben/build/igus_rebel_description/test_results/igus_rebel_description/lint_cmake.xunit.xml

No problems found
-- run_test.py: return code 0
-- run_test.py: verify result file '/home/amrl-linux24-04/ros2_ben/build/igus_rebel_description/test_results/igus_rebel_description/lint_cmake.xunit.xml'
<end of output>
Test time =   0.10 sec
----------------------------------------------------------
Test Passed.
"lint_cmake" end time: Sep 09 17:10 CEST
"lint_cmake" time elapsed: 00:00:00
----------------------------------------------------------

2/2 Testing: xmllint
2/2 Test: xmllint
Command: "/usr/bin/python3" "-u" "/opt/ros/jazzy/share/ament_cmake_test/cmake/run_test.py" "/home/amrl-linux24-04/ros2_ben/build/igus_rebel_description/test_results/igus_rebel_description/xmllint.xunit.xml" "--package-name" "igus_rebel_description" "--output-file" "/home/amrl-linux24-04/ros2_ben/build/igus_rebel_description/ament_xmllint/xmllint.txt" "--command" "/opt/ros/jazzy/bin/ament_xmllint" "--xunit-file" "/home/amrl-linux24-04/ros2_ben/build/igus_rebel_description/test_results/igus_rebel_description/xmllint.xunit.xml"
Directory: /home/amrl-linux24-04/ros2_ben/src/igus_rebel_ros2/igus_rebel_description
"xmllint" start time: Sep 09 17:10 CEST
Output:
----------------------------------------------------------
-- run_test.py: invoking following command in '/home/amrl-linux24-04/ros2_ben/src/igus_rebel_ros2/igus_rebel_description':
 - /opt/ros/jazzy/bin/ament_xmllint --xunit-file /home/amrl-linux24-04/ros2_ben/build/igus_rebel_description/test_results/igus_rebel_description/xmllint.xunit.xml
File 'package.xml' is valid

No problems found
-- run_test.py: return code 0
-- run_test.py: verify result file '/home/amrl-linux24-04/ros2_ben/build/igus_rebel_description/test_results/igus_rebel_description/xmllint.xunit.xml'
<end of output>
Test time =   0.34 sec
----------------------------------------------------------
Test Passed.
"xmllint" end time: Sep 09 17:10 CEST
"xmllint" time elapsed: 00:00:00
----------------------------------------------------------

End testing: Sep 09 17:10 CEST

lint_cmake =   0.10 sec*proc

linter =   0.44 sec*proc

xmllint =   0.34 sec*proc

