<?xml version="1.0" encoding="UTF-8"?>
<Site BuildName="(empty)"
	BuildStamp="20250909-1510-Experimental"
	Name="amrl-linux24-04-ThinkPad-E16-Gen-2"
	Generator="ctest-3.28.3"
	CompilerName="/usr/bin/c++"
	CompilerVersion="13.3.0"
	OSName="Linux"
	Hostname="amrl-linux24-04-ThinkPad-E16-Gen-2"
	OSRelease="6.14.0-28-generic"
	OSVersion="#28~24.04.1-Ubuntu SMP PREEMPT_DYNAMIC Fri Jul 25 10:47:01 UTC 2"
	OSPlatform="x86_64"
	Is64Bits="1"
	VendorString="GenuineIntel"
	VendorID="Intel Corporation"
	FamilyID="6"
	ModelID="170"
	ProcessorCacheSize="24576"
	NumberOfLogicalCPU="22"
	NumberOfPhysicalCPU="16"
	TotalVirtualMemory="8191"
	TotalPhysicalMemory="31561"
	LogicalProcessorsPerPhysical="1"
	ProcessorClockFrequency="2000.1"
	>
	<Testing>
		<StartDateTime>Sep 09 17:10 CEST</StartDateTime>
		<StartTestTime>1757430641</StartTestTime>
		<TestList>
			<Test>./cppcheck</Test>
			<Test>./flake8</Test>
			<Test>./lint_cmake</Test>
			<Test>./pep257</Test>
			<Test>./uncrustify</Test>
			<Test>./xmllint</Test>
		</TestList>
		<Test Status="passed">
			<Name>cppcheck</Name>
			<Path>.</Path>
			<FullName>./cppcheck</FullName>
			<FullCommandLine>/usr/bin/python3 "-u" "/opt/ros/jazzy/share/ament_cmake_test/cmake/run_test.py" "/home/amrl-linux24-04/ros2_ben/build/igus_rebel/test_results/igus_rebel/cppcheck.xunit.xml" "--package-name" "igus_rebel" "--output-file" "/home/amrl-linux24-04/ros2_ben/build/igus_rebel/ament_cppcheck/cppcheck.txt" "--command" "/opt/ros/jazzy/bin/ament_cppcheck" "--xunit-file" "/home/amrl-linux24-04/ros2_ben/build/igus_rebel/test_results/igus_rebel/cppcheck.xunit.xml" "--include_dirs" "/home/amrl-linux24-04/ros2_ben/src/igus_rebel_ros2/igus_rebel/include"</FullCommandLine>
			<Results>
				<NamedMeasurement type="numeric/double" name="Execution Time">
					<Value>0.109653</Value>
				</NamedMeasurement>
				<NamedMeasurement type="numeric/double" name="Processors">
					<Value>1</Value>
				</NamedMeasurement>
				<NamedMeasurement type="text/string" name="Completion Status">
					<Value>Completed</Value>
				</NamedMeasurement>
				<NamedMeasurement type="text/string" name="Command Line">
					<Value>/usr/bin/python3 "-u" "/opt/ros/jazzy/share/ament_cmake_test/cmake/run_test.py" "/home/amrl-linux24-04/ros2_ben/build/igus_rebel/test_results/igus_rebel/cppcheck.xunit.xml" "--package-name" "igus_rebel" "--output-file" "/home/amrl-linux24-04/ros2_ben/build/igus_rebel/ament_cppcheck/cppcheck.txt" "--command" "/opt/ros/jazzy/bin/ament_cppcheck" "--xunit-file" "/home/amrl-linux24-04/ros2_ben/build/igus_rebel/test_results/igus_rebel/cppcheck.xunit.xml" "--include_dirs" "/home/amrl-linux24-04/ros2_ben/src/igus_rebel_ros2/igus_rebel/include"</Value>
				</NamedMeasurement>
				<NamedMeasurement type="text/string" name="Environment">
					<Value>#CTEST_RESOURCE_GROUP_COUNT=</Value>
				</NamedMeasurement>
				<Measurement>
					<Value>-- run_test.py: invoking following command in '/home/amrl-linux24-04/ros2_ben/src/igus_rebel_ros2/igus_rebel':
 - /opt/ros/jazzy/bin/ament_cppcheck --xunit-file /home/amrl-linux24-04/ros2_ben/build/igus_rebel/test_results/igus_rebel/cppcheck.xunit.xml --include_dirs /home/amrl-linux24-04/ros2_ben/src/igus_rebel_ros2/igus_rebel/include
cppcheck 2.13.0 has known performance issues and therefore will not be used, set the AMENT_CPPCHECK_ALLOW_SLOW_VERSIONS environment variable to override this.
-- run_test.py: return code 0
-- run_test.py: verify result file '/home/amrl-linux24-04/ros2_ben/build/igus_rebel/test_results/igus_rebel/cppcheck.xunit.xml'
</Value>
				</Measurement>
			</Results>
			<Labels>
				<Label>cppcheck</Label>
				<Label>linter</Label>
			</Labels>
		</Test>
		<Test Status="failed">
			<Name>flake8</Name>
			<Path>.</Path>
			<FullName>./flake8</FullName>
			<FullCommandLine>/usr/bin/python3 "-u" "/opt/ros/jazzy/share/ament_cmake_test/cmake/run_test.py" "/home/amrl-linux24-04/ros2_ben/build/igus_rebel/test_results/igus_rebel/flake8.xunit.xml" "--package-name" "igus_rebel" "--output-file" "/home/amrl-linux24-04/ros2_ben/build/igus_rebel/ament_flake8/flake8.txt" "--command" "/opt/ros/jazzy/bin/ament_flake8" "--xunit-file" "/home/amrl-linux24-04/ros2_ben/build/igus_rebel/test_results/igus_rebel/flake8.xunit.xml"</FullCommandLine>
			<Results>
				<NamedMeasurement type="text/string" name="Exit Code">
					<Value>Failed</Value>
				</NamedMeasurement>
				<NamedMeasurement type="text/string" name="Exit Value">
					<Value>1</Value>
				</NamedMeasurement>
				<NamedMeasurement type="numeric/double" name="Execution Time">
					<Value>0.17404</Value>
				</NamedMeasurement>
				<NamedMeasurement type="numeric/double" name="Processors">
					<Value>1</Value>
				</NamedMeasurement>
				<NamedMeasurement type="text/string" name="Completion Status">
					<Value>Completed</Value>
				</NamedMeasurement>
				<NamedMeasurement type="text/string" name="Command Line">
					<Value>/usr/bin/python3 "-u" "/opt/ros/jazzy/share/ament_cmake_test/cmake/run_test.py" "/home/amrl-linux24-04/ros2_ben/build/igus_rebel/test_results/igus_rebel/flake8.xunit.xml" "--package-name" "igus_rebel" "--output-file" "/home/amrl-linux24-04/ros2_ben/build/igus_rebel/ament_flake8/flake8.txt" "--command" "/opt/ros/jazzy/bin/ament_flake8" "--xunit-file" "/home/amrl-linux24-04/ros2_ben/build/igus_rebel/test_results/igus_rebel/flake8.xunit.xml"</Value>
				</NamedMeasurement>
				<NamedMeasurement type="text/string" name="Environment">
					<Value>#CTEST_RESOURCE_GROUP_COUNT=</Value>
				</NamedMeasurement>
				<Measurement>
					<Value>-- run_test.py: invoking following command in '/home/amrl-linux24-04/ros2_ben/src/igus_rebel_ros2/igus_rebel':
 - /opt/ros/jazzy/bin/ament_flake8 --xunit-file /home/amrl-linux24-04/ros2_ben/build/igus_rebel/test_results/igus_rebel/flake8.xunit.xml
from launch.substitutions import Command, FindExecutable, LaunchConfiguration
^
from launch.actions import IncludeLaunchDescription, DeclareLaunchArgument
^
from launch.actions import IncludeLaunchDescription, DeclareLaunchArgument
^
from launch.actions import IncludeLaunchDescription, DeclareLaunchArgument
^
from launch.launch_description_sources import PythonLaunchDescriptionSource
^
from ament_index_python.packages import get_package_share_directory
^
import os
^
import os
^
    env = {
    ^
    
^
        "hardware_protocol",
        ^
        default_value="rebel",
                      ^
        choices=["mock_hardware", "gazebo", "rebel"],
                 ^
        choices=["mock_hardware", "gazebo", "rebel"],
                                  ^
        choices=["mock_hardware", "gazebo", "rebel"],
                                            ^
        description="Which hardware protocol or mock hardware should be used",
                    ^
    
^
    igus_rebel_pkg = get_package_share_directory("igus_rebel")
                                                 ^
    igus_rebel_desc_pkg = get_package_share_directory("igus_rebel_description")
                                                      ^
    
^
    controller_config_path = os.path.join(igus_rebel_pkg, "config", "controller.yaml")
                                                          ^
    controller_config_path = os.path.join(igus_rebel_pkg, "config", "controller.yaml")
                                                                    ^
    robot_description = {"robot_description" : Command(
                         ^
    robot_description = {"robot_description" : Command(
                                            ^
            FindExecutable(name="xacro"),
                                ^
            " ",
            ^
            " hardware_protocol:=",
            ^
            LaunchConfiguration("hardware_protocol"),
                                ^
        
^
        package="controller_manager",
                ^
        executable="ros2_control_node",
                   ^
        output="both",
               ^
    
^
        package="robot_state_publisher",
                ^
        executable="robot_state_publisher",
                   ^
        output="both",
               ^
    
^
        package="controller_manager",
                ^
        executable="spawner",
                   ^
        arguments=["joint_state_broadcaster", "--controller-manager", "/controller_manager"],
                   ^
        arguments=["joint_state_broadcaster", "--controller-manager", "/controller_manager"],
                                              ^
        arguments=["joint_state_broadcaster", "--controller-manager", "/controller_manager"],
                                                                      ^
        output="both",
               ^
    
^
        package="controller_manager",
                ^
        executable="spawner",
                   ^
        arguments=["rebel_arm_controller", "--controller-manager", "/controller_manager"],
                   ^
        arguments=["rebel_arm_controller", "--controller-manager", "/controller_manager"],
                                           ^
        arguments=["rebel_arm_controller", "--controller-manager", "/controller_manager"],
                                                                   ^
        output="both",
               ^
    
^
    ^
        ^
1     E203 whitespace before ':'
2     F401 'launch.actions.IncludeLaunchDescription' imported but unused
1     F841 local variable 'env' is assigned to but never used
4     I100 Import statements are in the wrong order. 'from launch.substitutions import Command, FindExecutable, LaunchConfiguration' should be before 'from launch_ros.actions import Node'
1     I101 Imported names are in the wrong order. Should be DeclareLaunchArgument, IncludeLaunchDescription
1     I201 Missing newline between import groups. 'import os' is identified as Stdlib and 'from ament_index_python.packages import get_package_share_directory' is identified as Third Party.
33    Q000 Double quotes found but single quotes preferred
1     W292 no newline at end of file
9     W293 blank line contains whitespace

./launch/rebel.launch.py:3:1: I100 Import statements are in the wrong order. 'from launch.substitutions import Command, FindExecutable, LaunchConfiguration' should be before 'from launch_ros.actions import Node'

./launch/rebel.launch.py:4:1: I101 Imported names are in the wrong order. Should be DeclareLaunchArgument, IncludeLaunchDescription

./launch/rebel.launch.py:4:1: I100 Import statements are in the wrong order. 'from launch.actions import IncludeLaunchDescription, DeclareLaunchArgument' should be before 'from launch.substitutions import Command, FindExecutable, LaunchConfiguration'

./launch/rebel.launch.py:4:1: F401 'launch.actions.IncludeLaunchDescription' imported but unused

./launch/rebel.launch.py:5:1: F401 'launch.launch_description_sources.PythonLaunchDescriptionSource' imported but unused

./launch/rebel.launch.py:6:1: I100 Import statements are in the wrong order. 'from ament_index_python.packages import get_package_share_directory' should be before 'from launch.launch_description_sources import PythonLaunchDescriptionSource'

./launch/rebel.launch.py:7:1: I100 Import statements are in the wrong order. 'import os' should be before 'from ament_index_python.packages import get_package_share_directory' and in a different group.

./launch/rebel.launch.py:7:1: I201 Missing newline between import groups. 'import os' is identified as Stdlib and 'from ament_index_python.packages import get_package_share_directory' is identified as Third Party.

./launch/rebel.launch.py:11:5: F841 local variable 'env' is assigned to but never used

./launch/rebel.launch.py:17:1: W293 blank line contains whitespace

./launch/rebel.launch.py:19:9: Q000 Double quotes found but single quotes preferred

./launch/rebel.launch.py:20:23: Q000 Double quotes found but single quotes preferred

./launch/rebel.launch.py:21:18: Q000 Double quotes found but single quotes preferred

./launch/rebel.launch.py:21:35: Q000 Double quotes found but single quotes preferred

./launch/rebel.launch.py:21:45: Q000 Double quotes found but single quotes preferred

./launch/rebel.launch.py:22:21: Q000 Double quotes found but single quotes preferred

./launch/rebel.launch.py:24:1: W293 blank line contains whitespace

./launch/rebel.launch.py:25:50: Q000 Double quotes found but single quotes preferred

./launch/rebel.launch.py:26:55: Q000 Double quotes found but single quotes preferred

./launch/rebel.launch.py:27:1: W293 blank line contains whitespace

./launch/rebel.launch.py:28:59: Q000 Double quotes found but single quotes preferred

./launch/rebel.launch.py:28:69: Q000 Double quotes found but single quotes preferred

./launch/rebel.launch.py:36:26: Q000 Double quotes found but single quotes preferred

./launch/rebel.launch.py:36:45: E203 whitespace before ':'

./launch/rebel.launch.py:38:33: Q000 Double quotes found but single quotes preferred

./launch/rebel.launch.py:39:13: Q000 Double quotes found but single quotes preferred

./launch/rebel.launch.py:41:13: Q000 Double quotes found but single quotes preferred

./launch/rebel.launch.py:42:33: Q000 Double quotes found but single quotes preferred

./launch/rebel.launch.py:45:1: W293 blank line contains whitespace

./launch/rebel.launch.py:47:17: Q000 Double quotes found but single quotes preferred

./launch/rebel.launch.py:48:20: Q000 Double quotes found but single quotes preferred

./launch/rebel.launch.py:54:16: Q000 Double quotes found but single quotes preferred

./launch/rebel.launch.py:56:1: W293 blank line contains whitespace

./launch/rebel.launch.py:58:17: Q000 Double quotes found but single quotes preferred

./launch/rebel.launch.py:59:20: Q000 Double quotes found but single quotes preferred

./launch/rebel.launch.py:62:16: Q000 Double quotes found but single quotes preferred

./launch/rebel.launch.py:64:1: W293 blank line contains whitespace

./launch/rebel.launch.py:66:17: Q000 Double quotes found but single quotes preferred

./launch/rebel.launch.py:67:20: Q000 Double quotes found but single quotes preferred

./launch/rebel.launch.py:68:20: Q000 Double quotes found but single quotes preferred

./launch/rebel.launch.py:68:47: Q000 Double quotes found but single quotes preferred

./launch/rebel.launch.py:68:71: Q000 Double quotes found but single quotes preferred

./launch/rebel.launch.py:69:16: Q000 Double quotes found but single quotes preferred

./launch/rebel.launch.py:71:1: W293 blank line contains whitespace

./launch/rebel.launch.py:73:17: Q000 Double quotes found but single quotes preferred

./launch/rebel.launch.py:74:20: Q000 Double quotes found but single quotes preferred

./launch/rebel.launch.py:75:20: Q000 Double quotes found but single quotes preferred

./launch/rebel.launch.py:75:44: Q000 Double quotes found but single quotes preferred

./launch/rebel.launch.py:75:68: Q000 Double quotes found but single quotes preferred

./launch/rebel.launch.py:76:16: Q000 Double quotes found but single quotes preferred

./launch/rebel.launch.py:78:1: W293 blank line contains whitespace

./launch/rebel.launch.py:86:1: W293 blank line contains whitespace

./launch/rebel.launch.py:86:5: W292 no newline at end of file


1 files checked
53 errors

'E'-type errors: 1
'F'-type errors: 3
'I'-type errors: 6
'Q'-type errors: 33
'W'-type errors: 10

Checked files:

* ./launch/rebel.launch.py
-- run_test.py: return code 1
-- run_test.py: verify result file '/home/amrl-linux24-04/ros2_ben/build/igus_rebel/test_results/igus_rebel/flake8.xunit.xml'
</Value>
				</Measurement>
			</Results>
			<Labels>
				<Label>flake8</Label>
				<Label>linter</Label>
			</Labels>
		</Test>
		<Test Status="failed">
			<Name>lint_cmake</Name>
			<Path>.</Path>
			<FullName>./lint_cmake</FullName>
			<FullCommandLine>/usr/bin/python3 "-u" "/opt/ros/jazzy/share/ament_cmake_test/cmake/run_test.py" "/home/amrl-linux24-04/ros2_ben/build/igus_rebel/test_results/igus_rebel/lint_cmake.xunit.xml" "--package-name" "igus_rebel" "--output-file" "/home/amrl-linux24-04/ros2_ben/build/igus_rebel/ament_lint_cmake/lint_cmake.txt" "--command" "/opt/ros/jazzy/bin/ament_lint_cmake" "--xunit-file" "/home/amrl-linux24-04/ros2_ben/build/igus_rebel/test_results/igus_rebel/lint_cmake.xunit.xml"</FullCommandLine>
			<Results>
				<NamedMeasurement type="text/string" name="Exit Code">
					<Value>Failed</Value>
				</NamedMeasurement>
				<NamedMeasurement type="text/string" name="Exit Value">
					<Value>1</Value>
				</NamedMeasurement>
				<NamedMeasurement type="numeric/double" name="Execution Time">
					<Value>0.0900273</Value>
				</NamedMeasurement>
				<NamedMeasurement type="numeric/double" name="Processors">
					<Value>1</Value>
				</NamedMeasurement>
				<NamedMeasurement type="text/string" name="Completion Status">
					<Value>Completed</Value>
				</NamedMeasurement>
				<NamedMeasurement type="text/string" name="Command Line">
					<Value>/usr/bin/python3 "-u" "/opt/ros/jazzy/share/ament_cmake_test/cmake/run_test.py" "/home/amrl-linux24-04/ros2_ben/build/igus_rebel/test_results/igus_rebel/lint_cmake.xunit.xml" "--package-name" "igus_rebel" "--output-file" "/home/amrl-linux24-04/ros2_ben/build/igus_rebel/ament_lint_cmake/lint_cmake.txt" "--command" "/opt/ros/jazzy/bin/ament_lint_cmake" "--xunit-file" "/home/amrl-linux24-04/ros2_ben/build/igus_rebel/test_results/igus_rebel/lint_cmake.xunit.xml"</Value>
				</NamedMeasurement>
				<NamedMeasurement type="text/string" name="Environment">
					<Value>#CTEST_RESOURCE_GROUP_COUNT=</Value>
				</NamedMeasurement>
				<Measurement>
					<Value>-- run_test.py: invoking following command in '/home/amrl-linux24-04/ros2_ben/src/igus_rebel_ros2/igus_rebel':
 - /opt/ros/jazzy/bin/ament_lint_cmake --xunit-file /home/amrl-linux24-04/ros2_ben/build/igus_rebel/test_results/igus_rebel/lint_cmake.xunit.xml
CMakeLists.txt:6: Line ends in whitespace [whitespace/eol]


1 errors
-- run_test.py: return code 1
-- run_test.py: verify result file '/home/amrl-linux24-04/ros2_ben/build/igus_rebel/test_results/igus_rebel/lint_cmake.xunit.xml'
</Value>
				</Measurement>
			</Results>
			<Labels>
				<Label>lint_cmake</Label>
				<Label>linter</Label>
			</Labels>
		</Test>
		<Test Status="passed">
			<Name>pep257</Name>
			<Path>.</Path>
			<FullName>./pep257</FullName>
			<FullCommandLine>/usr/bin/python3 "-u" "/opt/ros/jazzy/share/ament_cmake_test/cmake/run_test.py" "/home/amrl-linux24-04/ros2_ben/build/igus_rebel/test_results/igus_rebel/pep257.xunit.xml" "--package-name" "igus_rebel" "--output-file" "/home/amrl-linux24-04/ros2_ben/build/igus_rebel/ament_pep257/pep257.txt" "--command" "/opt/ros/jazzy/bin/ament_pep257" "--xunit-file" "/home/amrl-linux24-04/ros2_ben/build/igus_rebel/test_results/igus_rebel/pep257.xunit.xml"</FullCommandLine>
			<Results>
				<NamedMeasurement type="numeric/double" name="Execution Time">
					<Value>0.123812</Value>
				</NamedMeasurement>
				<NamedMeasurement type="numeric/double" name="Processors">
					<Value>1</Value>
				</NamedMeasurement>
				<NamedMeasurement type="text/string" name="Completion Status">
					<Value>Completed</Value>
				</NamedMeasurement>
				<NamedMeasurement type="text/string" name="Command Line">
					<Value>/usr/bin/python3 "-u" "/opt/ros/jazzy/share/ament_cmake_test/cmake/run_test.py" "/home/amrl-linux24-04/ros2_ben/build/igus_rebel/test_results/igus_rebel/pep257.xunit.xml" "--package-name" "igus_rebel" "--output-file" "/home/amrl-linux24-04/ros2_ben/build/igus_rebel/ament_pep257/pep257.txt" "--command" "/opt/ros/jazzy/bin/ament_pep257" "--xunit-file" "/home/amrl-linux24-04/ros2_ben/build/igus_rebel/test_results/igus_rebel/pep257.xunit.xml"</Value>
				</NamedMeasurement>
				<NamedMeasurement type="text/string" name="Environment">
					<Value>#CTEST_RESOURCE_GROUP_COUNT=</Value>
				</NamedMeasurement>
				<Measurement>
					<Value>-- run_test.py: invoking following command in '/home/amrl-linux24-04/ros2_ben/src/igus_rebel_ros2/igus_rebel':
 - /opt/ros/jazzy/bin/ament_pep257 --xunit-file /home/amrl-linux24-04/ros2_ben/build/igus_rebel/test_results/igus_rebel/pep257.xunit.xml
checking ./launch/rebel.launch.py
No problems found
-- run_test.py: return code 0
-- run_test.py: verify result file '/home/amrl-linux24-04/ros2_ben/build/igus_rebel/test_results/igus_rebel/pep257.xunit.xml'
</Value>
				</Measurement>
			</Results>
			<Labels>
				<Label>linter</Label>
				<Label>pep257</Label>
			</Labels>
		</Test>
		<Test Status="failed">
			<Name>uncrustify</Name>
			<Path>.</Path>
			<FullName>./uncrustify</FullName>
			<FullCommandLine>/usr/bin/python3 "-u" "/opt/ros/jazzy/share/ament_cmake_test/cmake/run_test.py" "/home/amrl-linux24-04/ros2_ben/build/igus_rebel/test_results/igus_rebel/uncrustify.xunit.xml" "--package-name" "igus_rebel" "--output-file" "/home/amrl-linux24-04/ros2_ben/build/igus_rebel/ament_uncrustify/uncrustify.txt" "--command" "/opt/ros/jazzy/bin/ament_uncrustify" "--xunit-file" "/home/amrl-linux24-04/ros2_ben/build/igus_rebel/test_results/igus_rebel/uncrustify.xunit.xml"</FullCommandLine>
			<Results>
				<NamedMeasurement type="text/string" name="Exit Code">
					<Value>Failed</Value>
				</NamedMeasurement>
				<NamedMeasurement type="text/string" name="Exit Value">
					<Value>1</Value>
				</NamedMeasurement>
				<NamedMeasurement type="numeric/double" name="Execution Time">
					<Value>0.237761</Value>
				</NamedMeasurement>
				<NamedMeasurement type="numeric/double" name="Processors">
					<Value>1</Value>
				</NamedMeasurement>
				<NamedMeasurement type="text/string" name="Completion Status">
					<Value>Completed</Value>
				</NamedMeasurement>
				<NamedMeasurement type="text/string" name="Command Line">
					<Value>/usr/bin/python3 "-u" "/opt/ros/jazzy/share/ament_cmake_test/cmake/run_test.py" "/home/amrl-linux24-04/ros2_ben/build/igus_rebel/test_results/igus_rebel/uncrustify.xunit.xml" "--package-name" "igus_rebel" "--output-file" "/home/amrl-linux24-04/ros2_ben/build/igus_rebel/ament_uncrustify/uncrustify.txt" "--command" "/opt/ros/jazzy/bin/ament_uncrustify" "--xunit-file" "/home/amrl-linux24-04/ros2_ben/build/igus_rebel/test_results/igus_rebel/uncrustify.xunit.xml"</Value>
				</NamedMeasurement>
				<NamedMeasurement type="text/string" name="Environment">
					<Value>#CTEST_RESOURCE_GROUP_COUNT=</Value>
				</NamedMeasurement>
				<Measurement>
					<Value>-- run_test.py: invoking following command in '/home/amrl-linux24-04/ros2_ben/src/igus_rebel_ros2/igus_rebel':
 - /opt/ros/jazzy/bin/ament_uncrustify --xunit-file /home/amrl-linux24-04/ros2_ben/build/igus_rebel/test_results/igus_rebel/uncrustify.xunit.xml
Code style divergence in file 'include/igus_rebel/CriKeywords.hpp':

--- include/igus_rebel/CriKeywords.hpp
+++ include/igus_rebel/CriKeywords.hpp.uncrustify
@@ -8,4 +8,4 @@
-    namespace CriKeywords
-    {
-        const std::string START = "CRISTART";
-        const std::string END = "CRIEND";
+namespace CriKeywords
+{
+const std::string START = "CRISTART";
+const std::string END = "CRIEND";
@@ -13,14 +13,14 @@
-        const std::string TYPE_STATUS = "STATUS";
-        const std::string TYPE_OPINFO = "OPINFO";
-        const std::string TYPE_GSIG = "GSIG";
-        const std::string TYPE_GRIPPERSTATE = "GRIPPERSTATE";
-        const std::string TYPE_RUNSTATE = "RUNSTATE";
-        const std::string TYPE_MESSAGE = "MESSAGE";
-        const std::string TYPE_CMD = "CMD";
-        const std::string TYPE_CONFIG = "CONFIG";
-        const std::string TYPE_INFO = "INFO";
-        const std::string TYPE_LOGMSG = "LOGMSG";
-        const std::string TYPE_VARIABLES = "VARIABLES";
-        const std::string TYPE_CMDERROR = "CMDERROR";
-        const std::string TYPE_CMDACK = "CMDACK";
-        const std::string TYPE_CYCLESTAT = "CYCLESTAT";
+const std::string TYPE_STATUS = "STATUS";
+const std::string TYPE_OPINFO = "OPINFO";
+const std::string TYPE_GSIG = "GSIG";
+const std::string TYPE_GRIPPERSTATE = "GRIPPERSTATE";
+const std::string TYPE_RUNSTATE = "RUNSTATE";
+const std::string TYPE_MESSAGE = "MESSAGE";
+const std::string TYPE_CMD = "CMD";
+const std::string TYPE_CONFIG = "CONFIG";
+const std::string TYPE_INFO = "INFO";
+const std::string TYPE_LOGMSG = "LOGMSG";
+const std::string TYPE_VARIABLES = "VARIABLES";
+const std::string TYPE_CMDERROR = "CMDERROR";
+const std::string TYPE_CMDACK = "CMDACK";
+const std::string TYPE_CYCLESTAT = "CYCLESTAT";
@@ -28,15 +28,15 @@
-        const std::string STATUS_MODE = "MODE";
-        const std::string STATUS_POSJOINTSETPOINT = "POSJOINTSETPOINT";
-        const std::string STATUS_POSJOINTCURRENT = "POSJOINTCURRENT";
-        const std::string STATUS_POSCARTROBOT = "POSCARTROBOT";
-        const std::string STATUS_POSCARTPLATTFORM = "POSCARTPLATTFORM";
-        const std::string STATUS_OVERRIDE = "OVERRIDE";
-        const std::string STATUS_DIN = "DIN";
-        const std::string STATUS_DOUT = "DOUT";
-        const std::string STATUS_ESTOP = "ESTOP";
-        const std::string STATUS_SUPPLY = "SUPPLY";
-        const std::string STATUS_CURRENTALL = "CURRENTALL";
-        const std::string STATUS_CURRENTJOINTS = "CURRENTJOINTS";
-        const std::string STATUS_ERROR = "ERROR";
-        const std::string STATUS_KINSTATE = "KINSTATE";
-        const std::string STATUS_FRAMEROBOT = "FRAMEROBOT";
+const std::string STATUS_MODE = "MODE";
+const std::string STATUS_POSJOINTSETPOINT = "POSJOINTSETPOINT";
+const std::string STATUS_POSJOINTCURRENT = "POSJOINTCURRENT";
+const std::string STATUS_POSCARTROBOT = "POSCARTROBOT";
+const std::string STATUS_POSCARTPLATTFORM = "POSCARTPLATTFORM";
+const std::string STATUS_OVERRIDE = "OVERRIDE";
+const std::string STATUS_DIN = "DIN";
+const std::string STATUS_DOUT = "DOUT";
+const std::string STATUS_ESTOP = "ESTOP";
+const std::string STATUS_SUPPLY = "SUPPLY";
+const std::string STATUS_CURRENTALL = "CURRENTALL";
+const std::string STATUS_CURRENTJOINTS = "CURRENTJOINTS";
+const std::string STATUS_ERROR = "ERROR";
+const std::string STATUS_KINSTATE = "KINSTATE";
+const std::string STATUS_FRAMEROBOT = "FRAMEROBOT";
@@ -44,10 +44,10 @@
-        const std::string COMMAND_CONNECT = "Connect";
-        const std::string COMMAND_RESET = "Reset";
-        const std::string COMMAND_ENABLE = "Enable";
-        const std::string COMMAND_DISABLE = "Disable";
-        const std::string COMMAND_DISCONNECT = "Disconnect";
-        const std::string COMMAND_MOTIONTYPEJOINT = "MotionTypeJoint";
-        const std::string COMMAND_MOTIONTYPECARTBASE = "MotionTypeCartBase";
-        const std::string COMMAND_QUIT = "QUIT";
-        const std::string COMMAND_SETACTIVE = "SetActive";
-        const std::string COMMAND_DOUT = "DOUT";
+const std::string COMMAND_CONNECT = "Connect";
+const std::string COMMAND_RESET = "Reset";
+const std::string COMMAND_ENABLE = "Enable";
+const std::string COMMAND_DISABLE = "Disable";
+const std::string COMMAND_DISCONNECT = "Disconnect";
+const std::string COMMAND_MOTIONTYPEJOINT = "MotionTypeJoint";
+const std::string COMMAND_MOTIONTYPECARTBASE = "MotionTypeCartBase";
+const std::string COMMAND_QUIT = "QUIT";
+const std::string COMMAND_SETACTIVE = "SetActive";
+const std::string COMMAND_DOUT = "DOUT";
@@ -55,2 +55,2 @@
-        const std::string CONFIG_GETKINEMATICLIMITS = "GetKinematicLimits";
-        const std::string CONFIG_GETKINEMATICLIMITS_ANSWER = "KinematicLimits";
+const std::string CONFIG_GETKINEMATICLIMITS = "GetKinematicLimits";
+const std::string CONFIG_GETKINEMATICLIMITS_ANSWER = "KinematicLimits";
@@ -58,5 +58,5 @@
-        const std::string MODE_JOINT = "joint";
-        const std::string MODE_CARTBASE = "cartbase";
-        const std::string MODE_CARTTOOL = "carttool";
-        const std::string MODE_PLATFORM = "platform";
-        const std::string MODE_FSM = "fsm";
+const std::string MODE_JOINT = "joint";
+const std::string MODE_CARTBASE = "cartbase";
+const std::string MODE_CARTTOOL = "carttool";
+const std::string MODE_PLATFORM = "platform";
+const std::string MODE_FSM = "fsm";
@@ -64,7 +64,7 @@
-        const std::string LOG_LEVEL_DEBUG = "DEBUG";
-        const std::string LOG_LEVEL_APP_INFO = "APP_INFO";
-        const std::string LOG_LEVEL_APP_ERROR = "APP_ERROR";
-        const std::string LOG_LEVEL_INFO = "INFO";
-        const std::string LOG_LEVEL_WARN = "WARN";
-        const std::string LOG_LEVEL_ERROR = "ERROR";
-        const std::string LOG_LEVEL_FATAL = "FATAL";
+const std::string LOG_LEVEL_DEBUG = "DEBUG";
+const std::string LOG_LEVEL_APP_INFO = "APP_INFO";
+const std::string LOG_LEVEL_APP_ERROR = "APP_ERROR";
+const std::string LOG_LEVEL_INFO = "INFO";
+const std::string LOG_LEVEL_WARN = "WARN";
+const std::string LOG_LEVEL_ERROR = "ERROR";
+const std::string LOG_LEVEL_FATAL = "FATAL";
@@ -72,3 +72,3 @@
-        const std::string VARIABLES_NR_VARIABLE = "ValueNrVariable";
-        const std::string VARIABLES_POS_VARIABLE = "ValuePosVariable";
-    }
+const std::string VARIABLES_NR_VARIABLE = "ValueNrVariable";
+const std::string VARIABLES_POS_VARIABLE = "ValuePosVariable";
+}

Code style divergence in file 'include/igus_rebel/CriMessages.hpp':

--- include/igus_rebel/CriMessages.hpp
+++ include/igus_rebel/CriMessages.hpp.uncrustify
@@ -21,238 +21,241 @@
-    namespace CriMessages
-    {
-        enum class MessageType
-        {
-            STATUS,
-            OPINFO,
-            GSIG,
-            GRIPPERSTATE,
-            RUNSTATE,
-            MESSAGE,
-            CMD,
-            CONFIG,
-            INFO,
-            LOGMSG,
-            VARIABLES,
-            CMDERROR,
-            CMDACK,
-            CYCLESTAT,
-            UNKNOWN = 1000
-        };
-
-        enum class Mode
-        {
-            JOINT,
-            CARTBASE,
-            CARTTOOL,
-            PLATFORM,
-            FSM,
-            UNKNOWN = 1000
-        };
-
-        enum class Kinstate
-        {
-            NO_ERROR = 0,
-            JOINT_LIMIT_MIN = 13,
-            JOINT_LIMIT_MAX = 14,
-            CARTESIAN_SINGULARITY_CENTER = 21,
-            CARTESIAN_SINGULARITY_REACH = 23,
-            CARTESIAN_SINGULARITY_WRIST = 24,
-            TOOL_AT_VIRTUAL_BOX_LIMIT_1 = 30,
-            TOOL_AT_VIRTUAL_BOX_LIMIT_2 = 31,
-            TOOL_AT_VIRTUAL_BOX_LIMIT_3 = 32,
-            TOOL_AT_VIRTUAL_BOX_LIMIT_4 = 33,
-            TOOL_AT_VIRTUAL_BOX_LIMIT_5 = 34,
-            TOOL_AT_VIRTUAL_BOX_LIMIT_6 = 35,
-            MOTION_NOT_ALLOWED = 99,
-            UNKNOWN = 1000
-        };
-
-        enum class ErrorJoint
-        {
-            TEMP = 1,       // OverTemperature
-            ESTOP_LOWV = 2, // Energy supply too low
-            MNE = 4,        // Motor not enabled
-            COM = 8,        // Communication watch dog
-            POS = 16,       // Position lag
-            ENC = 32,       // Encoder Error
-            OC = 64,        // Overcurrent
-            DRV = 128       // Driver Error
-        };
-
-        enum class ConfigType
-        {
-            KINEMATICLIMITS,
-            UNKNOWN = 1000
-        };
-
-        enum class LogLevel
-        {
-            DEBUG,
-            APP_INFO,
-            APP_ERROR,
-            INFO,
-            WARN,
-            ERROR,
-            FATAL,
-            UNKNOWN = 1000
-        };
-
-        class CriMessage
-        {
-        public:
-            MessageType GetType()
-            {
-                return type;
-            }
-
-            static MessageType GetMessageType(const std::string &amp;);
-
-        protected:
-            MessageType type;
-            explicit CriMessage(const MessageType &amp;_type) : type(_type) {}
-
-            static std::string ParseMessageString(const std::string &amp;, const std::string::size_type &amp;,
-                                                  const std::string::size_type &amp;, const std::string::size_type &amp;);
-
-            template &lt;class T, std::size_t N&gt;
-            static void FillArray(std::array&lt;T, N&gt; &amp;, const std::string &amp;);
-
-            template &lt;class T&gt;
-            void FillVector(std::vector&lt;T&gt; &amp;, const std::string &amp;);
-
-            template &lt;class T, std::size_t N&gt;
-            static std::string ArrayToString(std::array&lt;T, N&gt; &amp;);
-
-            template &lt;class T&gt;
-            std::string VectorToString(std::vector&lt;T&gt; &amp;vector);
-        };
-
-        class Status : public CriMessage
-        {
-        public:
-            Mode mode;
-            std::array&lt;float, 16&gt; posJointSetPoint;
-            std::array&lt;float, 16&gt; posJointCurrent;
-            std::array&lt;float, 6&gt; posCartRobot;
-            std::array&lt;float, 3&gt; posCartPlattform;
-            float overrideValue;
-            int din;
-            int dout;
-            int eStop;
-            int supply;
-            int currentall;
-            std::array&lt;int, 16&gt; currentjoints;
-            std::string errorSummary;
-            std::array&lt;int, 16&gt; errorJoints;
-            Kinstate kinstate;
-
-            explicit Status(const std::string &amp;);
-            explicit Status();
-            static std::string ModeToString(const Mode &amp;);
-            void Print();
-            void Log();
-
-        private:
-            std::string ToString();
-            Mode GetMode(const std::string &amp;);
-            Kinstate GetKinstate(const std::string &amp;);
-        };
-
-        class Message : public CriMessage
-        {
-        public:
-            explicit Message(const std::string &amp;);
-
-            std::string message;
-        };
-
-        class Command : public CriMessage
-        {
-        public:
-            explicit Command(const std::string &amp;);
-
-            std::string command;
-        };
-
-        class Info : public CriMessage
-        {
-        public:
-            explicit Info(const std::string &amp;);
-
-            std::string info;
-        };
-
-        class LogMsg : public CriMessage
-        {
-        public:
-            explicit LogMsg(const std::string &amp;);
-
-            LogLevel logLevel;
-            long timestamp;
-            std::string logMsg;
-
-        private:
-            LogLevel GetLogLevel(const std::string &amp;);
-        };
-
-        class Variables : public CriMessage
-        {
-        public:
-            explicit Variables(const std::string &amp;);
-
-            struct NumberVariable
-            {
-                std::string name;
-                double value;
-            };
-
-            struct PositionVariable
-            {
-                std::string name;
-                std::array&lt;double, 15&gt; values;
-            };
-
-            std::vector&lt;NumberVariable&gt; numberVariables;
-            std::vector&lt;PositionVariable&gt; positionVariables;
-
-        private:
-            std::string GetMatchString(const std::smatch &amp;);
-        };
-
-        class CmdError : public CriMessage
-        {
-        public:
-            explicit CmdError(const std::string &amp;);
-            int recjectedCmd;
-            std::string error;
-        };
-
-        class CmdAck : public CriMessage
-        {
-        public:
-            explicit CmdAck(const std::string &amp;);
-            int acceptedCmd;
-        };
-
-        class Cyclestat : public CriMessage
-        {
-        public:
-            explicit Cyclestat(const std::string &amp;);
-            int cycletime;
-            int workload;
-        };
-
-        class Config : public CriMessage
-        {
-        public:
-            ConfigType configType;
-            static ConfigType GetConfigType(const std::string &amp;);
-
-        protected:
-            explicit Config(const ConfigType &amp;_configType) : CriMessage(MessageType::CONFIG), configType(_configType) {}
-        };
-
-        class KinematicLimits : public Config
-        {
-        public:
-            explicit KinematicLimits(const std::string &amp;);
+namespace CriMessages
+{
+enum class MessageType
+{
+  STATUS,
+  OPINFO,
+  GSIG,
+  GRIPPERSTATE,
+  RUNSTATE,
+  MESSAGE,
+  CMD,
+  CONFIG,
+  INFO,
+  LOGMSG,
+  VARIABLES,
+  CMDERROR,
+  CMDACK,
+  CYCLESTAT,
+  UNKNOWN = 1000
+};
+
+enum class Mode
+{
+  JOINT,
+  CARTBASE,
+  CARTTOOL,
+  PLATFORM,
+  FSM,
+  UNKNOWN = 1000
+};
+
+enum class Kinstate
+{
+  NO_ERROR = 0,
+  JOINT_LIMIT_MIN = 13,
+  JOINT_LIMIT_MAX = 14,
+  CARTESIAN_SINGULARITY_CENTER = 21,
+  CARTESIAN_SINGULARITY_REACH = 23,
+  CARTESIAN_SINGULARITY_WRIST = 24,
+  TOOL_AT_VIRTUAL_BOX_LIMIT_1 = 30,
+  TOOL_AT_VIRTUAL_BOX_LIMIT_2 = 31,
+  TOOL_AT_VIRTUAL_BOX_LIMIT_3 = 32,
+  TOOL_AT_VIRTUAL_BOX_LIMIT_4 = 33,
+  TOOL_AT_VIRTUAL_BOX_LIMIT_5 = 34,
+  TOOL_AT_VIRTUAL_BOX_LIMIT_6 = 35,
+  MOTION_NOT_ALLOWED = 99,
+  UNKNOWN = 1000
+};
+
+enum class ErrorJoint
+{
+  TEMP = 1,                 // OverTemperature
+  ESTOP_LOWV = 2,           // Energy supply too low
+  MNE = 4,                  // Motor not enabled
+  COM = 8,                  // Communication watch dog
+  POS = 16,                 // Position lag
+  ENC = 32,                 // Encoder Error
+  OC = 64,                  // Overcurrent
+  DRV = 128                 // Driver Error
+};
+
+enum class ConfigType
+{
+  KINEMATICLIMITS,
+  UNKNOWN = 1000
+};
+
+enum class LogLevel
+{
+  DEBUG,
+  APP_INFO,
+  APP_ERROR,
+  INFO,
+  WARN,
+  ERROR,
+  FATAL,
+  UNKNOWN = 1000
+};
+
+class CriMessage
+{
+public:
+  MessageType GetType()
+  {
+    return type;
+  }
+
+  static MessageType GetMessageType(const std::string &amp;);
+
+protected:
+  MessageType type;
+  explicit CriMessage(const MessageType &amp; _type)
+  : type(_type) {}
+
+  static std::string ParseMessageString(
+    const std::string &amp;, const std::string::size_type &amp;,
+    const std::string::size_type &amp;, const std::string::size_type &amp;);
+
+  template&lt;class T, std::size_t N&gt;
+  static void FillArray(std::array&lt;T, N&gt; &amp;, const std::string &amp;);
+
+  template&lt;class T&gt;
+  void FillVector(std::vector&lt;T&gt; &amp;, const std::string &amp;);
+
+  template&lt;class T, std::size_t N&gt;
+  static std::string ArrayToString(std::array&lt;T, N&gt; &amp;);
+
+  template&lt;class T&gt;
+  std::string VectorToString(std::vector&lt;T&gt; &amp; vector);
+};
+
+class Status : public CriMessage
+{
+public:
+  Mode mode;
+  std::array&lt;float, 16&gt; posJointSetPoint;
+  std::array&lt;float, 16&gt; posJointCurrent;
+  std::array&lt;float, 6&gt; posCartRobot;
+  std::array&lt;float, 3&gt; posCartPlattform;
+  float overrideValue;
+  int din;
+  int dout;
+  int eStop;
+  int supply;
+  int currentall;
+  std::array&lt;int, 16&gt; currentjoints;
+  std::string errorSummary;
+  std::array&lt;int, 16&gt; errorJoints;
+  Kinstate kinstate;
+
+  explicit Status(const std::string &amp;);
+  explicit Status();
+  static std::string ModeToString(const Mode &amp;);
+  void Print();
+  void Log();
+
+private:
+  std::string ToString();
+  Mode GetMode(const std::string &amp;);
+  Kinstate GetKinstate(const std::string &amp;);
+};
+
+class Message : public CriMessage
+{
+public:
+  explicit Message(const std::string &amp;);
+
+  std::string message;
+};
+
+class Command : public CriMessage
+{
+public:
+  explicit Command(const std::string &amp;);
+
+  std::string command;
+};
+
+class Info : public CriMessage
+{
+public:
+  explicit Info(const std::string &amp;);
+
+  std::string info;
+};
+
+class LogMsg : public CriMessage
+{
+public:
+  explicit LogMsg(const std::string &amp;);
+
+  LogLevel logLevel;
+  long timestamp;
+  std::string logMsg;
+
+private:
+  LogLevel GetLogLevel(const std::string &amp;);
+};
+
+class Variables : public CriMessage
+{
+public:
+  explicit Variables(const std::string &amp;);
+
+  struct NumberVariable
+  {
+    std::string name;
+    double value;
+  };
+
+  struct PositionVariable
+  {
+    std::string name;
+    std::array&lt;double, 15&gt; values;
+  };
+
+  std::vector&lt;NumberVariable&gt; numberVariables;
+  std::vector&lt;PositionVariable&gt; positionVariables;
+
+private:
+  std::string GetMatchString(const std::smatch &amp;);
+};
+
+class CmdError : public CriMessage
+{
+public:
+  explicit CmdError(const std::string &amp;);
+  int recjectedCmd;
+  std::string error;
+};
+
+class CmdAck : public CriMessage
+{
+public:
+  explicit CmdAck(const std::string &amp;);
+  int acceptedCmd;
+};
+
+class Cyclestat : public CriMessage
+{
+public:
+  explicit Cyclestat(const std::string &amp;);
+  int cycletime;
+  int workload;
+};
+
+class Config : public CriMessage
+{
+public:
+  ConfigType configType;
+  static ConfigType GetConfigType(const std::string &amp;);
+
+protected:
+  explicit Config(const ConfigType &amp; _configType)
+  : CriMessage(MessageType::CONFIG), configType(_configType) {}
+};
+
+class KinematicLimits : public Config
+{
+public:
+  explicit KinematicLimits(const std::string &amp;);
@@ -263,6 +266,5 @@
-            std::vector&lt;std::pair&lt;float, float&gt;&gt; minMaxPairs;
-
-            std::string ToString();
-            void Print();
-        };
-    }
+  std::vector&lt;std::pair&lt;float, float&gt;&gt; minMaxPairs;
+
+  std::string ToString();
+  void Print();
+};
@@ -269,0 +272 @@
+}

Code style divergence in file 'include/igus_rebel/Rebel.hpp':

--- include/igus_rebel/Rebel.hpp
+++ include/igus_rebel/Rebel.hpp.uncrustify
@@ -20,8 +20,8 @@
-    class Rebel : public SystemInterface
-    {
-    public:
-        enum class ControlMode
-        {
-            POSITION,
-            VELOCITY
-        };
+class Rebel : public SystemInterface
+{
+public:
+  enum class ControlMode
+  {
+    POSITION,
+    VELOCITY
+  };
@@ -29,5 +29,5 @@
-    private:
-        rclcpp::Node::SharedPtr node_;
-        
-        std::shared_ptr&lt;RebelSocket&gt; rebelSocket;
-        CriMessages::Status currentStatus;
+private:
+  rclcpp::Node::SharedPtr node_;
+
+  std::shared_ptr&lt;RebelSocket&gt; rebelSocket;
+  CriMessages::Status currentStatus;
@@ -36,2 +36,2 @@
-        float j1, j2, j3, j4, j5, j6;
-        ControlMode controlMode;
+  float j1, j2, j3, j4, j5, j6;
+  ControlMode controlMode;
@@ -39,5 +39,5 @@
-        bool continueAlive;
-        bool continueMessage;
-        std::thread aliveThread;
-        std::thread messageThread;
-        int aliveWaitMs;
+  bool continueAlive;
+  bool continueMessage;
+  std::thread aliveThread;
+  std::thread messageThread;
+  int aliveWaitMs;
@@ -45,3 +45,3 @@
-        int current_ccnt;
-        std::mutex cntLock;
-        std::mutex aliveLock;
+  int current_ccnt;
+  std::mutex cntLock;
+  std::mutex aliveLock;
@@ -49,5 +49,5 @@
-        double vel_cmd[6] = {0.0, 0.0, 0.0, 0.0, 0.0, 0.0};
-        double pos[6] = {0.0, 0.0, 0.0, 0.0, 0.0, 0.0};
-        double last_pos[6] = {0.0, 0.0, 0.0, 0.0, 0.0, 0.0};
-        double vel[6] = {0.0, 0.0, 0.0, 0.0, 0.0, 0.0};
-        double eff[6] = {0.0, 0.0, 0.0, 0.0, 0.0, 0.0};
+  double vel_cmd[6] = {0.0, 0.0, 0.0, 0.0, 0.0, 0.0};
+  double pos[6] = {0.0, 0.0, 0.0, 0.0, 0.0, 0.0};
+  double last_pos[6] = {0.0, 0.0, 0.0, 0.0, 0.0, 0.0};
+  double vel[6] = {0.0, 0.0, 0.0, 0.0, 0.0, 0.0};
+  double eff[6] = {0.0, 0.0, 0.0, 0.0, 0.0, 0.0};
@@ -55,3 +55,3 @@
-        CriMessages::Kinstate lastKinstate;
-        std::array&lt;int, 16&gt; lastErrorJoints;
-        std::string kinstateMessage;
+  CriMessages::Kinstate lastKinstate;
+  std::array&lt;int, 16&gt; lastErrorJoints;
+  std::string kinstateMessage;
@@ -59 +59 @@
-        std::unordered_map&lt;int, std::string&gt; unacknowledgedCommands;
+  std::unordered_map&lt;int, std::string&gt; unacknowledgedCommands;
@@ -62 +62 @@
-        rclcpp::Service&lt;igus_rebel_msgs::srv::SetDigitalOutput&gt;::SharedPtr digital_output_srv_;
+  rclcpp::Service&lt;igus_rebel_msgs::srv::SetDigitalOutput&gt;::SharedPtr digital_output_srv_;
@@ -65,2 +65,2 @@
-        void AliveThreadFunction();
-        void MessageThreadFunction();
+  void AliveThreadFunction();
+  void MessageThreadFunction();
@@ -69,4 +69,4 @@
-        int Ccnt();
-        void Command(const std::string &amp;);
-        void GetConfig(const std::string &amp;);
-        void SetControlMode(const ControlMode &amp;);
+  int Ccnt();
+  void Command(const std::string &amp;);
+  void GetConfig(const std::string &amp;);
+  void SetControlMode(const ControlMode &amp;);
@@ -75,2 +75,2 @@
-        void ProcessStatus(const CriMessages::Status &amp;);
-        void SetUpRosHardwareInterface();
+  void ProcessStatus(const CriMessages::Status &amp;);
+  void SetUpRosHardwareInterface();
@@ -78,3 +78,3 @@
-    public:
-        const std::vector&lt;std::string&gt; JOINT_NAME = {
-            "joint1", "joint2", "joint3", "joint4", "joint5", "joint6"};
+public:
+  const std::vector&lt;std::string&gt; JOINT_NAME = {
+    "joint1", "joint2", "joint3", "joint4", "joint5", "joint6"};
@@ -83 +83 @@
-        const double degToRad = 0.0174532925199432957692369076848861271344287188854172545609719144;
+  const double degToRad = 0.0174532925199432957692369076848861271344287188854172545609719144;
@@ -86,2 +86,2 @@
-        const std::string ip = "192.168.3.11";
-        const int port = 3920;
+  const std::string ip = "192.168.3.11";
+  const int port = 3920;
@@ -89,2 +89,2 @@
-        Rebel();
-        ~Rebel();
+  Rebel();
+  ~Rebel();
@@ -92,3 +92,5 @@
-        void SetJog(const float &amp;, const float &amp;, const float &amp;, const float &amp;, const float &amp;, const float &amp;);
-        void GetJoints(float &amp;, float &amp;, float &amp;, float &amp;, float &amp;, float &amp;);
-        void SetDigitalOut(const int &amp;, const bool &amp;);
+  void SetJog(
+    const float &amp;, const float &amp;, const float &amp;, const float &amp;, const float &amp;,
+    const float &amp;);
+  void GetJoints(float &amp;, float &amp;, float &amp;, float &amp;, float &amp;, float &amp;);
+  void SetDigitalOut(const int &amp;, const bool &amp;);
@@ -97 +99 @@
-        CallbackReturn on_init(const HardwareInfo &amp;hardware_info) override;
+  CallbackReturn on_init(const HardwareInfo &amp; hardware_info) override;
@@ -99,4 +101,4 @@
-        std::vector&lt;StateInterface&gt; export_state_interfaces() override;
-        std::vector&lt;CommandInterface&gt; export_command_interfaces() override;
-        return_type read(const rclcpp::Time &amp;time, const rclcpp::Duration &amp;period) override;
-        return_type write(const rclcpp::Time &amp;time, const rclcpp::Duration &amp;period) override;
+  std::vector&lt;StateInterface&gt; export_state_interfaces() override;
+  std::vector&lt;CommandInterface&gt; export_command_interfaces() override;
+  return_type read(const rclcpp::Time &amp; time, const rclcpp::Duration &amp; period) override;
+  return_type write(const rclcpp::Time &amp; time, const rclcpp::Duration &amp; period) override;
@@ -104,2 +106,2 @@
-        void read();
-        void write();
+  void read();
+  void write();
@@ -107,2 +109,3 @@
-        void dio_callback(const std::shared_ptr&lt;igus_rebel_msgs::srv::SetDigitalOutput::Request&gt; request,
-                          std::shared_ptr&lt;igus_rebel_msgs::srv::SetDigitalOutput::Response&gt; response);
+  void dio_callback(
+    const std::shared_ptr&lt;igus_rebel_msgs::srv::SetDigitalOutput::Request&gt; request,
+    std::shared_ptr&lt;igus_rebel_msgs::srv::SetDigitalOutput::Response&gt; response);
@@ -110 +113 @@
-        void GetReferenceInfo();
+  void GetReferenceInfo();
@@ -112,3 +115,3 @@
-        void Start();
-        void Stop();
-    };
+  void Start();
+  void Stop();
+};
@@ -117 +120 @@
-#endif
+#endif

Code style divergence in file 'include/igus_rebel/RebelSocket.hpp':

--- include/igus_rebel/RebelSocket.hpp
+++ include/igus_rebel/RebelSocket.hpp.uncrustify
@@ -14,8 +14,8 @@
-    class RebelSocket
-    {
-    private:
-        int sock;
-        std::string ip;
-        int port;
-        int timeout;
-        std::list&lt;std::string&gt; unprocessedMessages;
+class RebelSocket
+{
+private:
+  int sock;
+  std::string ip;
+  int port;
+  int timeout;
+  std::list&lt;std::string&gt; unprocessedMessages;
@@ -23,8 +23,8 @@
-        bool continueReceive = false;
-        std::thread receiveThread;
-        std::thread listCheckThread;
-        std::mutex socketWriteLock;
-        std::mutex connectionLock;
-        std::mutex messageLock;
-        unsigned long maxUnprocessedMessages = 25;
-        int listCheckWaitMs = 500;
+  bool continueReceive = false;
+  std::thread receiveThread;
+  std::thread listCheckThread;
+  std::mutex socketWriteLock;
+  std::mutex connectionLock;
+  std::mutex messageLock;
+  unsigned long maxUnprocessedMessages = 25;
+  int listCheckWaitMs = 500;
@@ -32,2 +32,2 @@
-        bool connectionNeeded = false;
-        static const int bufferSize = 4096;
+  bool connectionNeeded = false;
+  static const int bufferSize = 4096;
@@ -35,2 +35,2 @@
-        char fragmentBuffer[bufferSize];
-        int fragmentLength = 0;
+  char fragmentBuffer[bufferSize];
+  int fragmentLength = 0;
@@ -38,2 +38,2 @@
-        void MakeConnection();
-        void SeparateMessages(const char *);
+  void MakeConnection();
+  void SeparateMessages(const char *);
@@ -41,2 +41,2 @@
-        void ReceiveThreadFunction();
-        void ListCheckThreadFunction();
+  void ReceiveThreadFunction();
+  void ListCheckThreadFunction();
@@ -44 +44 @@
-        bool IsSocketOk();
+  bool IsSocketOk();
@@ -46,3 +46,3 @@
-    public:
-        RebelSocket(const std::string &amp;, const int &amp;, const int &amp;);
-        ~RebelSocket();
+public:
+  RebelSocket(const std::string &amp;, const int &amp;, const int &amp;);
+  ~RebelSocket();
@@ -50,6 +50,6 @@
-        void Start();
-        void Stop();
-        bool HasMessage();
-        std::string GetMessage();
-        void SendMessage(const std::string &amp;);
-    };
+  void Start();
+  void Stop();
+  bool HasMessage();
+  std::string GetMessage();
+  void SendMessage(const std::string &amp;);
+};

Code style divergence in file 'src/CriMessages.cpp':

--- src/CriMessages.cpp
+++ src/CriMessages.cpp.uncrustify
@@ -10,5 +10,5 @@
-    namespace CriMessages
-    {
-        MessageType CriMessage::GetMessageType(const std::string &amp;msg)
-        {
-            std::string::size_type typeStart;
+namespace CriMessages
+{
+MessageType CriMessage::GetMessageType(const std::string &amp; msg)
+{
+  std::string::size_type typeStart;
@@ -16,247 +16,224 @@
-            if (msg.at(0) == ' ')
-            {
-                typeStart = msg.find(" ", 1) + 1;
-            }
-            else
-            {
-                typeStart = msg.find(" ") + 1;
-            }
-            std::string::size_type typeEnd = msg.find(" ", typeStart);
-
-            std::string typeString = msg.substr(typeStart, typeEnd - typeStart);
-
-            if (typeString == CriKeywords::TYPE_STATUS)
-            {
-                return MessageType::STATUS;
-            }
-
-            if (typeString == CriKeywords::TYPE_OPINFO)
-            {
-                return MessageType::OPINFO;
-            }
-
-            if (typeString == CriKeywords::TYPE_GSIG)
-            {
-                return MessageType::GSIG;
-            }
-
-            if (typeString == CriKeywords::TYPE_GRIPPERSTATE)
-            {
-                return MessageType::GRIPPERSTATE;
-            }
-
-            if (typeString == CriKeywords::TYPE_RUNSTATE)
-            {
-                return MessageType::RUNSTATE;
-            }
-
-            if (typeString == CriKeywords::TYPE_MESSAGE)
-            {
-                return MessageType::MESSAGE;
-            }
-
-            if (typeString == CriKeywords::TYPE_CMD)
-            {
-                return MessageType::CMD;
-            }
-
-            if (typeString == CriKeywords::TYPE_CONFIG)
-            {
-                return MessageType::CONFIG;
-            }
-
-            if (typeString == CriKeywords::TYPE_INFO)
-            {
-                return MessageType::INFO;
-            }
-
-            if (typeString == CriKeywords::TYPE_LOGMSG)
-            {
-                return MessageType::LOGMSG;
-            }
-
-            if (typeString == CriKeywords::TYPE_VARIABLES)
-            {
-                return MessageType::VARIABLES;
-            }
-
-            if (typeString == CriKeywords::TYPE_CMDERROR)
-            {
-                return MessageType::CMDERROR;
-            }
-
-            if (typeString == CriKeywords::TYPE_CMDACK)
-            {
-                return MessageType::CMDACK;
-            }
-
-            if (typeString == CriKeywords::TYPE_CYCLESTAT)
-            {
-                return MessageType::CYCLESTAT;
-            }
-
-            RCLCPP_ERROR(rclcpp::get_logger("igus_rebel"), "Unknown message type: \"%s\"", typeString.c_str());
-            return MessageType::UNKNOWN;
-        }
-
-        std::string CriMessage::ParseMessageString(const std::string &amp;statusString, const std::string::size_type &amp;begin,
-                                                   const std::string::size_type &amp;end, const std::string::size_type &amp;keywordLength)
-        {
-            int start = begin + keywordLength + 1;
-            int length = end - start - 1;
-
-            return statusString.substr(start, length);
-        }
-
-        template &lt;class T, std::size_t N&gt;
-        void CriMessage::FillArray(std::array&lt;T, N&gt; &amp;array, const std::string &amp;spaceSeparatedValues)
-        {
-            typename std::array&lt;T, N&gt;::size_type idx = 0;
-            std::string::size_type begin = 0;
-            std::string::size_type end = spaceSeparatedValues.find(" ", begin + 1);
-
-            while (end != std::string::npos)
-            {
-                if (idx &gt;= N)
-                {
-                    RCLCPP_ERROR(rclcpp::get_logger("igus_rebel"), "Parsing error");
-                    return;
-                }
-
-                std::string value = spaceSeparatedValues.substr(begin, end - begin);
-
-                if (std::is_same&lt;float, T&gt;::value)
-                {
-                    array.at(idx) = std::stof(value);
-                }
-
-                if (std::is_same&lt;int, T&gt;::value)
-                {
-                    array.at(idx) = std::stoi(value);
-                }
-
-                begin = spaceSeparatedValues.find(" ", end);
-                end = spaceSeparatedValues.find(" ", begin + 1);
-                idx++;
-            }
-
-            std::string value = spaceSeparatedValues.substr(begin);
-
-            if (std::is_same&lt;float, T&gt;::value)
-            {
-                array.at(idx) = std::stof(value);
-            }
-
-            if (std::is_same&lt;int, T&gt;::value)
-            {
-                array.at(idx) = std::stoi(value);
-            }
-        }
-
-        template &lt;class T&gt;
-        void CriMessage::FillVector(std::vector&lt;T&gt; &amp;vector, const std::string &amp;spaceSeparatedValues)
-        {
-            std::string::size_type begin = 0;
-            std::string::size_type end = spaceSeparatedValues.find(" ", begin + 1);
-
-            while (end != std::string::npos)
-            {
-                std::string value = spaceSeparatedValues.substr(begin, end - begin);
-
-                if (std::is_same&lt;float, T&gt;::value)
-                {
-                    vector.push_back(std::stof(value));
-                }
-
-                if (std::is_same&lt;int, T&gt;::value)
-                {
-                    vector.push_back(std::stoi(value));
-                }
-
-                begin = spaceSeparatedValues.find(" ", end);
-                end = spaceSeparatedValues.find(" ", begin + 1);
-            }
-
-            std::string value = spaceSeparatedValues.substr(begin);
-
-            if (std::is_same&lt;float, T&gt;::value)
-            {
-                vector.push_back(std::stof(value));
-            }
-
-            if (std::is_same&lt;int, T&gt;::value)
-            {
-                vector.push_back(std::stoi(value));
-            }
-        }
-
-        template &lt;class T, std::size_t N&gt;
-        std::string CriMessage::ArrayToString(std::array&lt;T, N&gt; &amp;array)
-        {
-            std::ostringstream msg;
-            msg &lt;&lt; std::showpoint;
-            msg &lt;&lt; std::fixed;
-            msg &lt;&lt; std::setprecision(FLOAT_PRINT_PRECISION);
-
-            for (T val : array)
-            {
-                msg &lt;&lt; val &lt;&lt; " ";
-            }
-
-            return msg.str();
-        }
-
-        template &lt;class T&gt;
-        std::string CriMessage::VectorToString(std::vector&lt;T&gt; &amp;vector)
-        {
-            std::ostringstream msg;
-            msg &lt;&lt; std::showpoint;
-            msg &lt;&lt; std::fixed;
-            msg &lt;&lt; std::setprecision(FLOAT_PRINT_PRECISION);
-
-            for (T val : vector)
-            {
-                msg &lt;&lt; val &lt;&lt; " ";
-            }
-
-            return msg.str();
-        }
-
-        Status::Status(const std::string &amp;messageString) : CriMessage(MessageType::STATUS)
-        {
-            std::string::size_type modeStart = messageString.find(CriKeywords::STATUS_MODE);
-            std::string::size_type posJointSetPointStart = messageString.find(CriKeywords::STATUS_POSJOINTSETPOINT);
-            std::string::size_type posJointCurrentStart = messageString.find(CriKeywords::STATUS_POSJOINTCURRENT);
-            std::string::size_type posCartRobotStart = messageString.find(CriKeywords::STATUS_POSCARTROBOT);
-            std::string::size_type posCartPlattformStart = messageString.find(CriKeywords::STATUS_POSCARTPLATTFORM);
-            std::string::size_type overrideValueStart = messageString.find(CriKeywords::STATUS_OVERRIDE);
-            std::string::size_type dinStart = messageString.find(CriKeywords::STATUS_DIN);
-            std::string::size_type doutStart = messageString.find(CriKeywords::STATUS_DOUT);
-            std::string::size_type eStopStart = messageString.find(CriKeywords::STATUS_ESTOP);
-            std::string::size_type supplyStart = messageString.find(CriKeywords::STATUS_SUPPLY);
-            std::string::size_type currentallStart = messageString.find(CriKeywords::STATUS_CURRENTALL);
-            std::string::size_type currentjointsStart = messageString.find(CriKeywords::STATUS_CURRENTJOINTS);
-            std::string::size_type errorStart = messageString.find(CriKeywords::STATUS_ERROR);
-            std::string::size_type kinstateStart = messageString.find(CriKeywords::STATUS_KINSTATE);
-
-            if (
-                !(
-                    (modeStart &lt; posJointSetPointStart) &amp;&amp;
-                    (posJointSetPointStart &lt; posJointCurrentStart) &amp;&amp;
-                    (posJointCurrentStart &lt; posCartRobotStart) &amp;&amp;
-                    (posCartRobotStart &lt; posCartPlattformStart) &amp;&amp;
-                    (posCartPlattformStart &lt; overrideValueStart) &amp;&amp;
-                    (overrideValueStart &lt; dinStart) &amp;&amp;
-                    (dinStart &lt; doutStart) &amp;&amp;
-                    (doutStart &lt; eStopStart) &amp;&amp;
-                    (eStopStart &lt; supplyStart) &amp;&amp;
-                    (supplyStart &lt; currentallStart) &amp;&amp;
-                    (currentallStart &lt; currentjointsStart) &amp;&amp;
-                    (currentjointsStart &lt; errorStart) &amp;&amp;
-                    (errorStart &lt; kinstateStart)))
-            {
-                RCLCPP_ERROR(rclcpp::get_logger("igus_rebel"), "Bad parsing error for message \"%s\"", messageString.c_str());
-                return;
-            }
-
-            std::string modeString = ParseMessageString(messageString, modeStart, posJointSetPointStart,
+  if (msg.at(0) == ' ') {
+    typeStart = msg.find(" ", 1) + 1;
+  } else {
+    typeStart = msg.find(" ") + 1;
+  }
+  std::string::size_type typeEnd = msg.find(" ", typeStart);
+
+  std::string typeString = msg.substr(typeStart, typeEnd - typeStart);
+
+  if (typeString == CriKeywords::TYPE_STATUS) {
+    return MessageType::STATUS;
+  }
+
+  if (typeString == CriKeywords::TYPE_OPINFO) {
+    return MessageType::OPINFO;
+  }
+
+  if (typeString == CriKeywords::TYPE_GSIG) {
+    return MessageType::GSIG;
+  }
+
+  if (typeString == CriKeywords::TYPE_GRIPPERSTATE) {
+    return MessageType::GRIPPERSTATE;
+  }
+
+  if (typeString == CriKeywords::TYPE_RUNSTATE) {
+    return MessageType::RUNSTATE;
+  }
+
+  if (typeString == CriKeywords::TYPE_MESSAGE) {
+    return MessageType::MESSAGE;
+  }
+
+  if (typeString == CriKeywords::TYPE_CMD) {
+    return MessageType::CMD;
+  }
+
+  if (typeString == CriKeywords::TYPE_CONFIG) {
+    return MessageType::CONFIG;
+  }
+
+  if (typeString == CriKeywords::TYPE_INFO) {
+    return MessageType::INFO;
+  }
+
+  if (typeString == CriKeywords::TYPE_LOGMSG) {
+    return MessageType::LOGMSG;
+  }
+
+  if (typeString == CriKeywords::TYPE_VARIABLES) {
+    return MessageType::VARIABLES;
+  }
+
+  if (typeString == CriKeywords::TYPE_CMDERROR) {
+    return MessageType::CMDERROR;
+  }
+
+  if (typeString == CriKeywords::TYPE_CMDACK) {
+    return MessageType::CMDACK;
+  }
+
+  if (typeString == CriKeywords::TYPE_CYCLESTAT) {
+    return MessageType::CYCLESTAT;
+  }
+
+  RCLCPP_ERROR(rclcpp::get_logger("igus_rebel"), "Unknown message type: \"%s\"",
+        typeString.c_str());
+  return MessageType::UNKNOWN;
+}
+
+std::string CriMessage::ParseMessageString(
+  const std::string &amp; statusString, const std::string::size_type &amp; begin,
+  const std::string::size_type &amp; end, const std::string::size_type &amp; keywordLength)
+{
+  int start = begin + keywordLength + 1;
+  int length = end - start - 1;
+
+  return statusString.substr(start, length);
+}
+
+template&lt;class T, std::size_t N&gt;
+void CriMessage::FillArray(std::array&lt;T, N&gt; &amp; array, const std::string &amp; spaceSeparatedValues)
+{
+  typename std::array&lt;T, N&gt;::size_type idx = 0;
+  std::string::size_type begin = 0;
+  std::string::size_type end = spaceSeparatedValues.find(" ", begin + 1);
+
+  while (end != std::string::npos) {
+    if (idx &gt;= N) {
+      RCLCPP_ERROR(rclcpp::get_logger("igus_rebel"), "Parsing error");
+      return;
+    }
+
+    std::string value = spaceSeparatedValues.substr(begin, end - begin);
+
+    if (std::is_same&lt;float, T&gt;::value) {
+      array.at(idx) = std::stof(value);
+    }
+
+    if (std::is_same&lt;int, T&gt;::value) {
+      array.at(idx) = std::stoi(value);
+    }
+
+    begin = spaceSeparatedValues.find(" ", end);
+    end = spaceSeparatedValues.find(" ", begin + 1);
+    idx++;
+  }
+
+  std::string value = spaceSeparatedValues.substr(begin);
+
+  if (std::is_same&lt;float, T&gt;::value) {
+    array.at(idx) = std::stof(value);
+  }
+
+  if (std::is_same&lt;int, T&gt;::value) {
+    array.at(idx) = std::stoi(value);
+  }
+}
+
+template&lt;class T&gt;
+void CriMessage::FillVector(std::vector&lt;T&gt; &amp; vector, const std::string &amp; spaceSeparatedValues)
+{
+  std::string::size_type begin = 0;
+  std::string::size_type end = spaceSeparatedValues.find(" ", begin + 1);
+
+  while (end != std::string::npos) {
+    std::string value = spaceSeparatedValues.substr(begin, end - begin);
+
+    if (std::is_same&lt;float, T&gt;::value) {
+      vector.push_back(std::stof(value));
+    }
+
+    if (std::is_same&lt;int, T&gt;::value) {
+      vector.push_back(std::stoi(value));
+    }
+
+    begin = spaceSeparatedValues.find(" ", end);
+    end = spaceSeparatedValues.find(" ", begin + 1);
+  }
+
+  std::string value = spaceSeparatedValues.substr(begin);
+
+  if (std::is_same&lt;float, T&gt;::value) {
+    vector.push_back(std::stof(value));
+  }
+
+  if (std::is_same&lt;int, T&gt;::value) {
+    vector.push_back(std::stoi(value));
+  }
+}
+
+template&lt;class T, std::size_t N&gt;
+std::string CriMessage::ArrayToString(std::array&lt;T, N&gt; &amp; array)
+{
+  std::ostringstream msg;
+  msg &lt;&lt; std::showpoint;
+  msg &lt;&lt; std::fixed;
+  msg &lt;&lt; std::setprecision(FLOAT_PRINT_PRECISION);
+
+  for (T val : array) {
+    msg &lt;&lt; val &lt;&lt; " ";
+  }
+
+  return msg.str();
+}
+
+template&lt;class T&gt;
+std::string CriMessage::VectorToString(std::vector&lt;T&gt; &amp; vector)
+{
+  std::ostringstream msg;
+  msg &lt;&lt; std::showpoint;
+  msg &lt;&lt; std::fixed;
+  msg &lt;&lt; std::setprecision(FLOAT_PRINT_PRECISION);
+
+  for (T val : vector) {
+    msg &lt;&lt; val &lt;&lt; " ";
+  }
+
+  return msg.str();
+}
+
+Status::Status(const std::string &amp; messageString)
+: CriMessage(MessageType::STATUS)
+{
+  std::string::size_type modeStart = messageString.find(CriKeywords::STATUS_MODE);
+  std::string::size_type posJointSetPointStart =
+    messageString.find(CriKeywords::STATUS_POSJOINTSETPOINT);
+  std::string::size_type posJointCurrentStart =
+    messageString.find(CriKeywords::STATUS_POSJOINTCURRENT);
+  std::string::size_type posCartRobotStart = messageString.find(CriKeywords::STATUS_POSCARTROBOT);
+  std::string::size_type posCartPlattformStart =
+    messageString.find(CriKeywords::STATUS_POSCARTPLATTFORM);
+  std::string::size_type overrideValueStart = messageString.find(CriKeywords::STATUS_OVERRIDE);
+  std::string::size_type dinStart = messageString.find(CriKeywords::STATUS_DIN);
+  std::string::size_type doutStart = messageString.find(CriKeywords::STATUS_DOUT);
+  std::string::size_type eStopStart = messageString.find(CriKeywords::STATUS_ESTOP);
+  std::string::size_type supplyStart = messageString.find(CriKeywords::STATUS_SUPPLY);
+  std::string::size_type currentallStart = messageString.find(CriKeywords::STATUS_CURRENTALL);
+  std::string::size_type currentjointsStart = messageString.find(CriKeywords::STATUS_CURRENTJOINTS);
+  std::string::size_type errorStart = messageString.find(CriKeywords::STATUS_ERROR);
+  std::string::size_type kinstateStart = messageString.find(CriKeywords::STATUS_KINSTATE);
+
+  if (
+    !(
+      (modeStart &lt; posJointSetPointStart) &amp;&amp;
+      (posJointSetPointStart &lt; posJointCurrentStart) &amp;&amp;
+      (posJointCurrentStart &lt; posCartRobotStart) &amp;&amp;
+      (posCartRobotStart &lt; posCartPlattformStart) &amp;&amp;
+      (posCartPlattformStart &lt; overrideValueStart) &amp;&amp;
+      (overrideValueStart &lt; dinStart) &amp;&amp;
+      (dinStart &lt; doutStart) &amp;&amp;
+      (doutStart &lt; eStopStart) &amp;&amp;
+      (eStopStart &lt; supplyStart) &amp;&amp;
+      (supplyStart &lt; currentallStart) &amp;&amp;
+      (currentallStart &lt; currentjointsStart) &amp;&amp;
+      (currentjointsStart &lt; errorStart) &amp;&amp;
+      (errorStart &lt; kinstateStart)))
+  {
+    RCLCPP_ERROR(rclcpp::get_logger("igus_rebel"), "Bad parsing error for message \"%s\"",
+          messageString.c_str());
+    return;
+  }
+
+  std::string modeString = ParseMessageString(messageString, modeStart, posJointSetPointStart,
@@ -264,11 +241,16 @@
-            std::string posJointSetPointString = ParseMessageString(messageString, posJointSetPointStart,
-                                                                    posJointCurrentStart, CriKeywords::STATUS_POSJOINTSETPOINT.size());
-            std::string posJointCurrentString = ParseMessageString(messageString, posJointCurrentStart,
-                                                                   posCartRobotStart, CriKeywords::STATUS_POSJOINTCURRENT.size());
-            std::string posCartRobotString = ParseMessageString(messageString, posCartRobotStart,
-                                                                posCartPlattformStart, CriKeywords::STATUS_POSCARTROBOT.size());
-            std::string posCartPlattformString = ParseMessageString(messageString, posCartPlattformStart,
-                                                                    overrideValueStart, CriKeywords::STATUS_POSCARTPLATTFORM.size());
-            std::string overrideValueString = ParseMessageString(messageString, overrideValueStart,
-                                                                 dinStart, CriKeywords::STATUS_OVERRIDE.size());
-            std::string dinString = ParseMessageString(messageString, dinStart, doutStart,
+  std::string posJointSetPointString = ParseMessageString(messageString, posJointSetPointStart,
+                                                                    posJointCurrentStart,
+        CriKeywords::STATUS_POSJOINTSETPOINT.size());
+  std::string posJointCurrentString = ParseMessageString(messageString, posJointCurrentStart,
+                                                                   posCartRobotStart,
+        CriKeywords::STATUS_POSJOINTCURRENT.size());
+  std::string posCartRobotString = ParseMessageString(messageString, posCartRobotStart,
+                                                                posCartPlattformStart,
+        CriKeywords::STATUS_POSCARTROBOT.size());
+  std::string posCartPlattformString = ParseMessageString(messageString, posCartPlattformStart,
+                                                                    overrideValueStart,
+        CriKeywords::STATUS_POSCARTPLATTFORM.size());
+  std::string overrideValueString = ParseMessageString(messageString, overrideValueStart,
+                                                                 dinStart,
+        CriKeywords::STATUS_OVERRIDE.size());
+  std::string dinString = ParseMessageString(messageString, dinStart, doutStart,
@@ -276 +258 @@
-            std::string doutString = ParseMessageString(messageString, doutStart, eStopStart,
+  std::string doutString = ParseMessageString(messageString, doutStart, eStopStart,
@@ -278 +260 @@
-            std::string eStopString = ParseMessageString(messageString, eStopStart, supplyStart,
+  std::string eStopString = ParseMessageString(messageString, eStopStart, supplyStart,
@@ -280 +262 @@
-            std::string supplyString = ParseMessageString(messageString, supplyStart, currentallStart,
+  std::string supplyString = ParseMessageString(messageString, supplyStart, currentallStart,
@@ -282 +264,2 @@
-            std::string currentallString = ParseMessageString(messageString, currentallStart, currentjointsStart,
+  std::string currentallString = ParseMessageString(messageString, currentallStart,
+        currentjointsStart,
@@ -284,3 +267,5 @@
-            std::string currentjointsString = ParseMessageString(messageString, currentjointsStart, errorStart,
-                                                                 CriKeywords::STATUS_CURRENTJOINTS.size());
-            std::string errorString = ParseMessageString(messageString, errorStart, kinstateStart,
+  std::string currentjointsString = ParseMessageString(messageString, currentjointsStart,
+        errorStart,
+                                                                 CriKeywords::STATUS_CURRENTJOINTS.
+      size());
+  std::string errorString = ParseMessageString(messageString, errorStart, kinstateStart,
@@ -288 +273,2 @@
-            std::string kinstateString = ParseMessageString(messageString, kinstateStart, messageString.size() + 1,
+  std::string kinstateString = ParseMessageString(messageString, kinstateStart,
+        messageString.size() + 1,
@@ -291,20 +277,20 @@
-            std::string::size_type errorSummaryEnd = errorString.find(" ");
-            errorSummary = errorString.substr(0, errorSummaryEnd);
-            std::string errorJointsString = errorString.substr(errorSummaryEnd + 1);
-
-            mode = GetMode(modeString);
-            FillArray(posJointSetPoint, posJointSetPointString);
-            FillArray(posJointCurrent, posJointCurrentString);
-            FillArray(posCartRobot, posCartRobotString);
-            FillArray(posCartPlattform, posCartPlattformString);
-            try {
-                overrideValue = std::stof(overrideValueString);
-                din = std::stoi(dinString);     // TODO: Process further to actual meaning
-                dout = std::stoi(doutString);   // TODO: Process further to actual meaning
-                eStop = std::stoi(eStopString); // TODO: Process further to actual meaning
-                supply = std::stoi(supplyString);
-                currentall = std::stoi(currentallString);
-            } catch (const std::invalid_argument &amp;e) {
-                RCLCPP_ERROR(rclcpp::get_logger("igus_rebel"), "Error parsing status message: %s", e.what());
-            }
-            FillArray(currentjoints, currentjointsString);
+  std::string::size_type errorSummaryEnd = errorString.find(" ");
+  errorSummary = errorString.substr(0, errorSummaryEnd);
+  std::string errorJointsString = errorString.substr(errorSummaryEnd + 1);
+
+  mode = GetMode(modeString);
+  FillArray(posJointSetPoint, posJointSetPointString);
+  FillArray(posJointCurrent, posJointCurrentString);
+  FillArray(posCartRobot, posCartRobotString);
+  FillArray(posCartPlattform, posCartPlattformString);
+  try {
+    overrideValue = std::stof(overrideValueString);
+    din = std::stoi(dinString);                 // TODO: Process further to actual meaning
+    dout = std::stoi(doutString);               // TODO: Process further to actual meaning
+    eStop = std::stoi(eStopString);             // TODO: Process further to actual meaning
+    supply = std::stoi(supplyString);
+    currentall = std::stoi(currentallString);
+  } catch (const std::invalid_argument &amp; e) {
+    RCLCPP_ERROR(rclcpp::get_logger("igus_rebel"), "Error parsing status message: %s", e.what());
+  }
+  FillArray(currentjoints, currentjointsString);
@@ -312,59 +298,60 @@
-            FillArray(errorJoints, errorJointsString); // TODO: Process further to actual meaning
-            kinstate = GetKinstate(kinstateString);
-        }
-
-        Status::Status() : CriMessage(MessageType::STATUS)
-        {
-            mode = Mode::UNKNOWN;
-            posJointSetPoint.fill(0.0f);
-            posJointCurrent.fill(0.0f);
-            posCartRobot.fill(0.0f);
-            posCartPlattform.fill(0.0f);
-            overrideValue = 0.0f;
-            din = 0;
-            dout = 0;
-            eStop = 0;
-            supply = 0;
-            currentall = 0;
-            currentjoints.fill(0);
-            errorSummary = "NotInitialized";
-            errorJoints.fill(0);
-            kinstate = Kinstate::UNKNOWN;
-        }
-
-        std::string Status::ModeToString(const Mode &amp;mode)
-        {
-            switch (mode)
-            {
-            case Mode::JOINT:
-                return "Joint";
-            case Mode::CARTBASE:
-                return "Cartesian (base)";
-            case Mode::CARTTOOL:
-                return "Cartesian (tool)";
-            case Mode::PLATFORM:
-                return "Platform";
-            case Mode::FSM:
-                return "FSM";
-            case Mode::UNKNOWN:
-                return "Unknown";
-            }
-
-            return std::string();
-        }
-
-        void Status::Print()
-        {
-            std::cout &lt;&lt; ToString();
-        }
-
-        void Status::Log()
-        {
-            rclcpp::Clock::SharedPtr clock_ = std::make_shared&lt;rclcpp::Clock&gt;(RCL_SYSTEM_TIME);
-            RCLCPP_INFO_THROTTLE(rclcpp::get_logger("igus_rebel"), *clock_, 60, "Rebel status:\n%s", ToString().c_str());
-        }
-
-        std::string Status::ToString()
-        {
-            std::ostringstream msg;
-            msg &lt;&lt; std::showpoint
+  FillArray(errorJoints, errorJointsString);           // TODO: Process further to actual meaning
+  kinstate = GetKinstate(kinstateString);
+}
+
+Status::Status()
+: CriMessage(MessageType::STATUS)
+{
+  mode = Mode::UNKNOWN;
+  posJointSetPoint.fill(0.0f);
+  posJointCurrent.fill(0.0f);
+  posCartRobot.fill(0.0f);
+  posCartPlattform.fill(0.0f);
+  overrideValue = 0.0f;
+  din = 0;
+  dout = 0;
+  eStop = 0;
+  supply = 0;
+  currentall = 0;
+  currentjoints.fill(0);
+  errorSummary = "NotInitialized";
+  errorJoints.fill(0);
+  kinstate = Kinstate::UNKNOWN;
+}
+
+std::string Status::ModeToString(const Mode &amp; mode)
+{
+  switch (mode) {
+    case Mode::JOINT:
+      return "Joint";
+    case Mode::CARTBASE:
+      return "Cartesian (base)";
+    case Mode::CARTTOOL:
+      return "Cartesian (tool)";
+    case Mode::PLATFORM:
+      return "Platform";
+    case Mode::FSM:
+      return "FSM";
+    case Mode::UNKNOWN:
+      return "Unknown";
+  }
+
+  return std::string();
+}
+
+void Status::Print()
+{
+  std::cout &lt;&lt; ToString();
+}
+
+void Status::Log()
+{
+  rclcpp::Clock::SharedPtr clock_ = std::make_shared&lt;rclcpp::Clock&gt;(RCL_SYSTEM_TIME);
+  RCLCPP_INFO_THROTTLE(rclcpp::get_logger("igus_rebel"), *clock_, 60, "Rebel status:\n%s",
+        ToString().c_str());
+}
+
+std::string Status::ToString()
+{
+  std::ostringstream msg;
+  msg           &lt;&lt; std::showpoint
@@ -390,303 +377,175 @@
-            return msg.str();
-        }
-
-        Mode Status::GetMode(const std::string &amp;modeString)
-        {
-            if (modeString == CriKeywords::MODE_JOINT)
-            {
-                return Mode::JOINT;
-            }
-
-            if (modeString == CriKeywords::MODE_CARTBASE)
-            {
-                return Mode::CARTBASE;
-            }
-
-            if (modeString == CriKeywords::MODE_CARTTOOL)
-            {
-                return Mode::CARTTOOL;
-            }
-
-            if (modeString == CriKeywords::MODE_PLATFORM)
-            {
-                return Mode::PLATFORM;
-            }
-
-            if (modeString == CriKeywords::MODE_FSM)
-            {
-                return Mode::FSM;
-            }
-
-            RCLCPP_ERROR(rclcpp::get_logger("igus_rebel"), "Unknown robot mode during parsing: %s", modeString.c_str());
-            return Mode::UNKNOWN;
-        }
-
-        Kinstate Status::GetKinstate(const std::string &amp;kinstateString)
-        {
-            int kinstateInt = std::stoi(kinstateString);
-
-            switch (kinstateInt)
-            {
-            case (int)Kinstate::NO_ERROR:
-                return Kinstate::NO_ERROR;
-
-            case (int)Kinstate::JOINT_LIMIT_MIN:
-                return Kinstate::JOINT_LIMIT_MIN;
-
-            case (int)Kinstate::JOINT_LIMIT_MAX:
-                return Kinstate::JOINT_LIMIT_MAX;
-
-            case (int)Kinstate::CARTESIAN_SINGULARITY_CENTER:
-                return Kinstate::CARTESIAN_SINGULARITY_CENTER;
-
-            case (int)Kinstate::CARTESIAN_SINGULARITY_REACH:
-                return Kinstate::CARTESIAN_SINGULARITY_REACH;
-
-            case (int)Kinstate::CARTESIAN_SINGULARITY_WRIST:
-                return Kinstate::CARTESIAN_SINGULARITY_WRIST;
-
-            case (int)Kinstate::TOOL_AT_VIRTUAL_BOX_LIMIT_1:
-                return Kinstate::TOOL_AT_VIRTUAL_BOX_LIMIT_1;
-
-            case (int)Kinstate::TOOL_AT_VIRTUAL_BOX_LIMIT_2:
-                return Kinstate::TOOL_AT_VIRTUAL_BOX_LIMIT_2;
-
-            case (int)Kinstate::TOOL_AT_VIRTUAL_BOX_LIMIT_3:
-                return Kinstate::TOOL_AT_VIRTUAL_BOX_LIMIT_3;
-
-            case (int)Kinstate::TOOL_AT_VIRTUAL_BOX_LIMIT_4:
-                return Kinstate::TOOL_AT_VIRTUAL_BOX_LIMIT_4;
-
-            case (int)Kinstate::TOOL_AT_VIRTUAL_BOX_LIMIT_5:
-                return Kinstate::TOOL_AT_VIRTUAL_BOX_LIMIT_5;
-
-            case (int)Kinstate::TOOL_AT_VIRTUAL_BOX_LIMIT_6:
-                return Kinstate::TOOL_AT_VIRTUAL_BOX_LIMIT_6;
-
-            case (int)Kinstate::MOTION_NOT_ALLOWED:
-                return Kinstate::MOTION_NOT_ALLOWED;
-
-            default:
-                return Kinstate::UNKNOWN;
-            }
-        }
-
-        Message::Message(const std::string &amp;messageString) : CriMessage(MessageType::MESSAGE)
-        {
-            std::string::size_type messageStart =
-                messageString.find(CriKeywords::TYPE_MESSAGE) + CriKeywords::TYPE_MESSAGE.size() + 1;
[...]
-        j3 = (float)vel_cmd[2];
-        j4 = (float)vel_cmd[3];
-        j5 = (float)vel_cmd[4];
-        j6 = (float)vel_cmd[5];
-    }
-
-    void Rebel::dio_callback(
-        const std::shared_ptr&lt;igus_rebel_msgs::srv::SetDigitalOutput::Request&gt; request,
-        std::shared_ptr&lt;igus_rebel_msgs::srv::SetDigitalOutput::Response&gt; response)
-    {
-        SetDigitalOut(request-&gt;output.output, request-&gt;output.is_on);
-        response-&gt;success = true;
-    }
-
-    void Rebel::GetReferenceInfo()
-    {
-        Command(std::string("GetReferencingInfo"));
-    }
-
-    void Rebel::Start()
-    {
-        continueMessage = true;
-        messageThread = std::thread(&amp;Rebel::MessageThreadFunction, this);
-
-        rebelSocket-&gt;Start();
+  if (rclcpp::ok()) {
+    rclcpp::spin_some(node_);
+  }
+
+  j1 = (float)vel_cmd[0];
+  j2 = (float)vel_cmd[1];
+  j3 = (float)vel_cmd[2];
+  j4 = (float)vel_cmd[3];
+  j5 = (float)vel_cmd[4];
+  j6 = (float)vel_cmd[5];
+}
+
+void Rebel::dio_callback(
+  const std::shared_ptr&lt;igus_rebel_msgs::srv::SetDigitalOutput::Request&gt; request,
+  std::shared_ptr&lt;igus_rebel_msgs::srv::SetDigitalOutput::Response&gt; response)
+{
+  SetDigitalOut(request-&gt;output.output, request-&gt;output.is_on);
+  response-&gt;success = true;
+}
+
+void Rebel::GetReferenceInfo()
+{
+  Command(std::string("GetReferencingInfo"));
+}
+
+void Rebel::Start()
+{
+  continueMessage = true;
+  messageThread = std::thread(&amp;Rebel::MessageThreadFunction, this);
+
+  rebelSocket-&gt;Start();
@@ -673,30 +662,29 @@
-        Command(CriKeywords::COMMAND_SETACTIVE + " true");
-        Command(CriKeywords::COMMAND_RESET);
-        Command(CriKeywords::COMMAND_ENABLE);
-
-        continueAlive = true;
-        aliveThread = std::thread(&amp;Rebel::AliveThreadFunction, this);
-
-        GetConfig(CriKeywords::CONFIG_GETKINEMATICLIMITS);
-        SetControlMode(ControlMode::VELOCITY);
-    }
-
-    void Rebel::Stop()
-    {
-        j1 = 0.0f;
-        j2 = 0.0f;
-        j3 = 0.0f;
-        j4 = 0.0f;
-        j5 = 0.0f;
-        j6 = 0.0f;
-
-        std::this_thread::sleep_for(std::chrono::milliseconds(aliveWaitMs + 10));
-
-        continueAlive = false;
-
-        if (aliveThread.joinable())
-        {
-            aliveThread.join();
-        }
-
-        Command(CriKeywords::COMMAND_DISABLE);
+  Command(CriKeywords::COMMAND_SETACTIVE + " true");
+  Command(CriKeywords::COMMAND_RESET);
+  Command(CriKeywords::COMMAND_ENABLE);
+
+  continueAlive = true;
+  aliveThread = std::thread(&amp;Rebel::AliveThreadFunction, this);
+
+  GetConfig(CriKeywords::CONFIG_GETKINEMATICLIMITS);
+  SetControlMode(ControlMode::VELOCITY);
+}
+
+void Rebel::Stop()
+{
+  j1 = 0.0f;
+  j2 = 0.0f;
+  j3 = 0.0f;
+  j4 = 0.0f;
+  j5 = 0.0f;
+  j6 = 0.0f;
+
+  std::this_thread::sleep_for(std::chrono::milliseconds(aliveWaitMs + 10));
+
+  continueAlive = false;
+
+  if (aliveThread.joinable()) {
+    aliveThread.join();
+  }
+
+  Command(CriKeywords::COMMAND_DISABLE);
@@ -704,11 +692,10 @@
-        Command(CriKeywords::COMMAND_QUIT);
-
-        rebelSocket-&gt;Stop();
-
-        continueMessage = false;
-
-        if (messageThread.joinable())
-        {
-            messageThread.join();
-        }
-    }
+  Command(CriKeywords::COMMAND_QUIT);
+
+  rebelSocket-&gt;Stop();
+
+  continueMessage = false;
+
+  if (messageThread.joinable()) {
+    messageThread.join();
+  }
+}

Code style divergence in file 'src/RebelSocket.cpp':

--- src/RebelSocket.cpp
+++ src/RebelSocket.cpp.uncrustify
@@ -15,14 +15,14 @@
-    RebelSocket::RebelSocket(const std::string &amp;ip, const int &amp;port, const int &amp;timeout)
-        : sock(0),
-          ip(ip),
-          port(port),
-          timeout(timeout),
-          unprocessedMessages(),
-          fragmentBuffer{0}
-    {
-    }
-
-    RebelSocket::~RebelSocket()
-    {
-        Stop();
-    }
+RebelSocket::RebelSocket(const std::string &amp; ip, const int &amp; port, const int &amp; timeout)
+: sock(0),
+  ip(ip),
+  port(port),
+  timeout(timeout),
+  unprocessedMessages(),
+  fragmentBuffer{0}
+{
+}
+
+RebelSocket::~RebelSocket()
+{
+  Stop();
+}
@@ -33,2 +33,2 @@
-    void RebelSocket::MakeConnection()
-    {
+void RebelSocket::MakeConnection()
+{
@@ -37,16 +37,14 @@
-        std::lock_guard&lt;std::mutex&gt; lockGuard(connectionLock);
-
-        while (connectionNeeded)
-        {
-            sock = 0;
-            struct sockaddr_in serv_addr;
-
-            if ((sock = socket(AF_INET, SOCK_STREAM, 0)) &lt; 0)
-            {
-                RCLCPP_ERROR(rclcpp::get_logger("igus_rebel"), "Socket creation error.");
-                std::this_thread::sleep_for(std::chrono::milliseconds(100));
-                continue;
-            }
-
-            serv_addr.sin_family = AF_INET;
-            serv_addr.sin_port = htons(port);
+  std::lock_guard&lt;std::mutex&gt; lockGuard(connectionLock);
+
+  while (connectionNeeded) {
+    sock = 0;
+    struct sockaddr_in serv_addr;
+
+    if ((sock = socket(AF_INET, SOCK_STREAM, 0)) &lt; 0) {
+      RCLCPP_ERROR(rclcpp::get_logger("igus_rebel"), "Socket creation error.");
+      std::this_thread::sleep_for(std::chrono::milliseconds(100));
+      continue;
+    }
+
+    serv_addr.sin_family = AF_INET;
+    serv_addr.sin_port = htons(port);
@@ -55,16 +53,42 @@
-            if (inet_pton(AF_INET, ip.c_str(), &amp;serv_addr.sin_addr) &lt;= 0)
-            {
-                RCLCPP_ERROR(rclcpp::get_logger("igus_rebel"), "Invalid robot IP address / Address not supported.");
-                std::this_thread::sleep_for(std::chrono::milliseconds(100));
-                continue;
-            }
-
-            if (connect(sock, (struct sockaddr *)&amp;serv_addr, sizeof(serv_addr)) &lt; 0)
-            {
-                RCLCPP_ERROR(rclcpp::get_logger("igus_rebel"), "Connection Failed.");
-                std::this_thread::sleep_for(std::chrono::milliseconds(100));
-                continue;
-            }
-
-            connectionNeeded = false;
-            RCLCPP_INFO(rclcpp::get_logger("igus_rebel"), "Connected to ReBeL at %s:%d", ip.c_str(), port);
+    if (inet_pton(AF_INET, ip.c_str(), &amp;serv_addr.sin_addr) &lt;= 0) {
+      RCLCPP_ERROR(rclcpp::get_logger("igus_rebel"),
+          "Invalid robot IP address / Address not supported.");
+      std::this_thread::sleep_for(std::chrono::milliseconds(100));
+      continue;
+    }
+
+    if (connect(sock, (struct sockaddr *)&amp;serv_addr, sizeof(serv_addr)) &lt; 0) {
+      RCLCPP_ERROR(rclcpp::get_logger("igus_rebel"), "Connection Failed.");
+      std::this_thread::sleep_for(std::chrono::milliseconds(100));
+      continue;
+    }
+
+    connectionNeeded = false;
+    RCLCPP_INFO(rclcpp::get_logger("igus_rebel"), "Connected to ReBeL at %s:%d", ip.c_str(), port);
+  }
+}
+
+void RebelSocket::SeparateMessages(const char *msg)
+{
+  const char *start;
+  const char *end = msg;
+
+  while (true) {
+    start = std::strstr(end, CriKeywords::START.c_str());
+
+    if (start == nullptr) {
+      break;
+    }
+
+    end = std::strstr(start, CriKeywords::END.c_str());
+
+    if (end == nullptr) {
+                // Found a start without end.
+      const char *remainingStart = start + CriKeywords::START.size();
+      const char *remainingEnd = std::strchr(remainingStart, '\0');
+
+      if (remainingEnd != nullptr) {
+        fragmentLength = remainingEnd - remainingStart;
+
+        for (int i = 0; i &lt; fragmentLength; i++) {
+          fragmentBuffer[i] = *(remainingStart + i);
@@ -72,3 +96,8 @@
-    }
-
-    void RebelSocket::SeparateMessages(const char *msg)
+      } else {
+        RCLCPP_ERROR(rclcpp::get_logger("igus_rebel"),
+            "Socket read was not null-terminated, somehow.");
+      }
+
+      break;
+    }
+
@@ -76,40 +105,2 @@
-        const char *start;
-        const char *end = msg;
-
-        while (true)
-        {
-            start = std::strstr(end, CriKeywords::START.c_str());
-
-            if (start == nullptr)
-            {
-                break;
-            }
-
-            end = std::strstr(start, CriKeywords::END.c_str());
-
-            if (end == nullptr)
-            {
-                // Found a start without end.
-                const char *remainingStart = start + CriKeywords::START.size();
-                const char *remainingEnd = std::strchr(remainingStart, '\0');
-
-                if (remainingEnd != nullptr)
-                {
-                    fragmentLength = remainingEnd - remainingStart;
-
-                    for (int i = 0; i &lt; fragmentLength; i++)
-                    {
-                        fragmentBuffer[i] = *(remainingStart + i);
-                    }
-                }
-                else
-                {
-                    RCLCPP_ERROR(rclcpp::get_logger("igus_rebel"), "Socket read was not null-terminated, somehow.");
-                }
-
-                break;
-            }
-
-            {
-                std::lock_guard&lt;std::mutex&gt; lockGuard(messageLock);
-                unprocessedMessages.push_front(
+      std::lock_guard&lt;std::mutex&gt; lockGuard(messageLock);
+      unprocessedMessages.push_front(
@@ -119 +110,29 @@
-            }
+    }
+  }
+}
+
+void RebelSocket::ReceiveThreadFunction()
+{
+  RCLCPP_DEBUG(rclcpp::get_logger("igus_rebel"), "Starting to receive messages from robot.");
+
+  char buffer[bufferSize * 2] = {0};
+
+  while (continueReceive) {
+    if (connectionNeeded) {
+      MakeConnection();
+    }
+
+    int valread = read(sock, buffer + fragmentLength, bufferSize);
+
+    if (!IsSocketOk()) {
+      connectionNeeded = true;
+    } else {
+      if (valread == 0) {
+        RCLCPP_WARN(rclcpp::get_logger("igus_rebel"), "Empty message received");
+        connectionNeeded = true;
+      } else {
+        if (fragmentLength &gt; 0) {
+          for (int i = 0; i &lt; fragmentLength; i++) {
+            buffer[i] = fragmentBuffer[i];
+          }
+          fragmentLength = 0;
@@ -121,46 +140,4 @@
-    }
-
-    void RebelSocket::ReceiveThreadFunction()
-    {
-        RCLCPP_DEBUG(rclcpp::get_logger("igus_rebel"), "Starting to receive messages from robot.");
-
-        char buffer[bufferSize * 2] = {0};
-
-        while (continueReceive)
-        {
-            if (connectionNeeded)
-            {
-                MakeConnection();
-            }
-
-            int valread = read(sock, buffer + fragmentLength, bufferSize);
-
-            if (!IsSocketOk())
-            {
-                connectionNeeded = true;
-            }
-            else
-            {
-                if (valread == 0)
-                {
-                    RCLCPP_WARN(rclcpp::get_logger("igus_rebel"), "Empty message received");
-                    connectionNeeded = true;
-                }
-                else
-                {
-                    if (fragmentLength &gt; 0)
-                    {
-                        for (int i = 0; i &lt; fragmentLength; i++)
-                        {
-                            buffer[i] = fragmentBuffer[i];
-                        }
-                        fragmentLength = 0;
-                    }
-
-                    SeparateMessages(buffer);
-                    for (int i = 0; i &lt; bufferSize * 2; i++)
-                    {
-                        buffer[i] = 0;
-                    }
-                }
-            }
+
+        SeparateMessages(buffer);
+        for (int i = 0; i &lt; bufferSize * 2; i++) {
+          buffer[i] = 0;
@@ -168,3 +145,6 @@
-
-        RCLCPP_DEBUG(rclcpp::get_logger("igus_rebel"), "Stopped to receive messages from robot.");
-    }
+      }
+    }
+  }
+
+  RCLCPP_DEBUG(rclcpp::get_logger("igus_rebel"), "Stopped to receive messages from robot.");
+}
@@ -175,42 +155,41 @@
-    void RebelSocket::ListCheckThreadFunction()
-    {
-        RCLCPP_DEBUG(rclcpp::get_logger("igus_rebel"), "Starting to check if the message list is being processed.");
-
-        while (continueReceive)
-        {
-            if (unprocessedMessages.size() &gt; maxUnprocessedMessages)
-            {
-                RCLCPP_WARN(rclcpp::get_logger("igus_rebel"), "Robot messages are not processed fast enough. Discarding messages.");
-
-                while (unprocessedMessages.size() &gt; (maxUnprocessedMessages * 0.9))
-                {
-                    unprocessedMessages.pop_back();
-                }
-            }
-
-            std::this_thread::sleep_for(std::chrono::milliseconds(listCheckWaitMs));
-        }
-
-        RCLCPP_DEBUG(rclcpp::get_logger("igus_rebel"), "Stopped to check if the message list is being processed.");
-    }
-
-    bool RebelSocket::IsSocketOk()
-    {
-        int error = 0;
-        socklen_t len = sizeof(error);
-        int retval = getsockopt(sock, SOL_SOCKET, SO_ERROR, &amp;error, &amp;len);
-
-        if (retval != 0)
-        {
-            RCLCPP_ERROR(rclcpp::get_logger("igus_rebel"), "Error getting socket error code: %s", strerror(retval));
-            return false;
-        }
-
-        if (error != 0)
-        {
-            RCLCPP_ERROR(rclcpp::get_logger("igus_rebel"), "Socket error: %s", strerror(error));
-            return false;
-        }
-
-        return true;
-    }
+void RebelSocket::ListCheckThreadFunction()
+{
+  RCLCPP_DEBUG(rclcpp::get_logger("igus_rebel"),
+      "Starting to check if the message list is being processed.");
+
+  while (continueReceive) {
+    if (unprocessedMessages.size() &gt; maxUnprocessedMessages) {
+      RCLCPP_WARN(rclcpp::get_logger("igus_rebel"),
+          "Robot messages are not processed fast enough. Discarding messages.");
+
+      while (unprocessedMessages.size() &gt; (maxUnprocessedMessages * 0.9)) {
+        unprocessedMessages.pop_back();
+      }
+    }
+
+    std::this_thread::sleep_for(std::chrono::milliseconds(listCheckWaitMs));
+  }
+
+  RCLCPP_DEBUG(rclcpp::get_logger("igus_rebel"),
+      "Stopped to check if the message list is being processed.");
+}
+
+bool RebelSocket::IsSocketOk()
+{
+  int error = 0;
+  socklen_t len = sizeof(error);
+  int retval = getsockopt(sock, SOL_SOCKET, SO_ERROR, &amp;error, &amp;len);
+
+  if (retval != 0) {
+    RCLCPP_ERROR(rclcpp::get_logger("igus_rebel"), "Error getting socket error code: %s",
+        strerror(retval));
+    return false;
+  }
+
+  if (error != 0) {
+    RCLCPP_ERROR(rclcpp::get_logger("igus_rebel"), "Socket error: %s", strerror(error));
+    return false;
+  }
+
+  return true;
+}
@@ -221,67 +200,61 @@
-    void RebelSocket::Start()
-    {
-        connectionNeeded = true;
-        continueReceive = true;
-
-        listCheckThread = std::thread(&amp;RebelSocket::ListCheckThreadFunction, this);
-        receiveThread = std::thread(&amp;RebelSocket::ReceiveThreadFunction, this);
-    }
-
-    void RebelSocket::Stop()
-    {
-        connectionNeeded = false;
-        continueReceive = false;
-
-        if (receiveThread.joinable())
-        {
-            receiveThread.join();
-        }
-
-        if (listCheckThread.joinable())
-        {
-            listCheckThread.join();
-        }
-    }
-
-    bool RebelSocket::HasMessage()
-    {
-        return unprocessedMessages.size() &gt; 0;
-    }
-
-    std::string RebelSocket::GetMessage()
-    {
-        std::lock_guard&lt;std::mutex&gt; lockGuard(messageLock);
-
-        if (!HasMessage())
-        {
-            return "";
-        }
-
-        std::string msg = unprocessedMessages.back();
-        unprocessedMessages.pop_back();
-
-        return msg;
-    }
-
-    void RebelSocket::SendMessage(const std::string &amp;msg)
-    {
-        std::lock_guard&lt;std::mutex&gt; lockGuard(socketWriteLock);
-
-        if (connectionNeeded)
-        {
-            MakeConnection();
-        }
-
-        int sent = send(sock, msg.c_str(), msg.length(), 0);
-
-        if (!IsSocketOk())
-        {
-            connectionNeeded = true;
-        }
-
-        if (sent &lt; 0)
-        {
-            connectionNeeded = true;
-        }
-    }
-}
+void RebelSocket::Start()
+{
+  connectionNeeded = true;
+  continueReceive = true;
+
+  listCheckThread = std::thread(&amp;RebelSocket::ListCheckThreadFunction, this);
+  receiveThread = std::thread(&amp;RebelSocket::ReceiveThreadFunction, this);
+}
+
+void RebelSocket::Stop()
+{
+  connectionNeeded = false;
+  continueReceive = false;
+
+  if (receiveThread.joinable()) {
+    receiveThread.join();
+  }
+
+  if (listCheckThread.joinable()) {
+    listCheckThread.join();
+  }
+}
+
+bool RebelSocket::HasMessage()
+{
+  return unprocessedMessages.size() &gt; 0;
+}
+
+std::string RebelSocket::GetMessage()
+{
+  std::lock_guard&lt;std::mutex&gt; lockGuard(messageLock);
+
+  if (!HasMessage()) {
+    return "";
+  }
+
+  std::string msg = unprocessedMessages.back();
+  unprocessedMessages.pop_back();
+
+  return msg;
+}
+
+void RebelSocket::SendMessage(const std::string &amp; msg)
+{
+  std::lock_guard&lt;std::mutex&gt; lockGuard(socketWriteLock);
+
+  if (connectionNeeded) {
+    MakeConnection();
+  }
+
+  int sent = send(sock, msg.c_str(), msg.length(), 0);
+
+  if (!IsSocketOk()) {
+    connectionNeeded = true;
+  }
+
+  if (sent &lt; 0) {
+    connectionNeeded = true;
+  }
+}
+}

7 files with code style divergence
-- run_test.py: return code 1
-- run_test.py: verify result file '/home/amrl-linux24-04/ros2_ben/build/igus_rebel/test_results/igus_rebel/uncrustify.xunit.xml'
</Value>
				</Measurement>
			</Results>
			<Labels>
				<Label>linter</Label>
				<Label>uncrustify</Label>
			</Labels>
		</Test>
		<Test Status="passed">
			<Name>xmllint</Name>
			<Path>.</Path>
			<FullName>./xmllint</FullName>
			<FullCommandLine>/usr/bin/python3 "-u" "/opt/ros/jazzy/share/ament_cmake_test/cmake/run_test.py" "/home/amrl-linux24-04/ros2_ben/build/igus_rebel/test_results/igus_rebel/xmllint.xunit.xml" "--package-name" "igus_rebel" "--output-file" "/home/amrl-linux24-04/ros2_ben/build/igus_rebel/ament_xmllint/xmllint.txt" "--command" "/opt/ros/jazzy/bin/ament_xmllint" "--xunit-file" "/home/amrl-linux24-04/ros2_ben/build/igus_rebel/test_results/igus_rebel/xmllint.xunit.xml"</FullCommandLine>
			<Results>
				<NamedMeasurement type="numeric/double" name="Execution Time">
					<Value>0.48297</Value>
				</NamedMeasurement>
				<NamedMeasurement type="numeric/double" name="Processors">
					<Value>1</Value>
				</NamedMeasurement>
				<NamedMeasurement type="text/string" name="Completion Status">
					<Value>Completed</Value>
				</NamedMeasurement>
				<NamedMeasurement type="text/string" name="Command Line">
					<Value>/usr/bin/python3 "-u" "/opt/ros/jazzy/share/ament_cmake_test/cmake/run_test.py" "/home/amrl-linux24-04/ros2_ben/build/igus_rebel/test_results/igus_rebel/xmllint.xunit.xml" "--package-name" "igus_rebel" "--output-file" "/home/amrl-linux24-04/ros2_ben/build/igus_rebel/ament_xmllint/xmllint.txt" "--command" "/opt/ros/jazzy/bin/ament_xmllint" "--xunit-file" "/home/amrl-linux24-04/ros2_ben/build/igus_rebel/test_results/igus_rebel/xmllint.xunit.xml"</Value>
				</NamedMeasurement>
				<NamedMeasurement type="text/string" name="Environment">
					<Value>#CTEST_RESOURCE_GROUP_COUNT=</Value>
				</NamedMeasurement>
				<Measurement>
					<Value>-- run_test.py: invoking following command in '/home/amrl-linux24-04/ros2_ben/src/igus_rebel_ros2/igus_rebel':
 - /opt/ros/jazzy/bin/ament_xmllint --xunit-file /home/amrl-linux24-04/ros2_ben/build/igus_rebel/test_results/igus_rebel/xmllint.xunit.xml
File 'package.xml' is valid

File 'rebel.xml' is valid

No problems found
-- run_test.py: return code 0
-- run_test.py: verify result file '/home/amrl-linux24-04/ros2_ben/build/igus_rebel/test_results/igus_rebel/xmllint.xunit.xml'
</Value>
				</Measurement>
			</Results>
			<Labels>
				<Label>linter</Label>
				<Label>xmllint</Label>
			</Labels>
		</Test>
		<EndDateTime>Sep 09 17:10 CEST</EndDateTime>
		<EndTestTime>1757430642</EndTestTime>
		<ElapsedMinutes>0</ElapsedMinutes>
	</Testing>
</Site>
